This is pdfTeX, Version 3.14159265-2.6-1.40.20 (MiKTeX 2.9.6960 64-bit) (preloaded format=pdflatex 2019.3.17)  16 NOV 2019 09:50
entering extended mode
**"./palpation_manuscript - MARKED.tex"
("palpation_manuscript - MARKED.tex"
LaTeX2e <2018-12-01>

LaTeX Warning: File `example.eps' already exists on the system.
               Not generating it from this source.

("C:\Users\Luca\AppData\Local\Programs\MiKTeX 2.9\tex/latex/base\fix-cm.sty"
Package: fix-cm 2015/01/14 v1.1t fixes to LaTeX

("C:\Users\Luca\AppData\Local\Programs\MiKTeX 2.9\tex/latex/base\ts1enc.def"
File: ts1enc.def 2001/06/05 v3.0e (jk/car/fm) Standard LaTeX file
Now handling font encoding TS1 ...
... processing UTF-8 mapping file for font encoding TS1

("C:\Users\Luca\AppData\Local\Programs\MiKTeX 2.9\tex/latex/base\ts1enc.dfu"
File: ts1enc.dfu 2018/10/05 v1.2f UTF-8 support for inputenc
   defining Unicode char U+00A2 (decimal 162)
   defining Unicode char U+00A3 (decimal 163)
   defining Unicode char U+00A4 (decimal 164)
   defining Unicode char U+00A5 (decimal 165)
   defining Unicode char U+00A6 (decimal 166)
   defining Unicode char U+00A7 (decimal 167)
   defining Unicode char U+00A8 (decimal 168)
   defining Unicode char U+00A9 (decimal 169)
   defining Unicode char U+00AA (decimal 170)
   defining Unicode char U+00AC (decimal 172)
   defining Unicode char U+00AE (decimal 174)
   defining Unicode char U+00AF (decimal 175)
   defining Unicode char U+00B0 (decimal 176)
   defining Unicode char U+00B1 (decimal 177)
   defining Unicode char U+00B2 (decimal 178)
   defining Unicode char U+00B3 (decimal 179)
   defining Unicode char U+00B4 (decimal 180)
   defining Unicode char U+00B5 (decimal 181)
   defining Unicode char U+00B6 (decimal 182)
   defining Unicode char U+00B7 (decimal 183)
   defining Unicode char U+00B9 (decimal 185)
   defining Unicode char U+00BA (decimal 186)
   defining Unicode char U+00BC (decimal 188)
   defining Unicode char U+00BD (decimal 189)
   defining Unicode char U+00BE (decimal 190)
   defining Unicode char U+00D7 (decimal 215)
   defining Unicode char U+00F7 (decimal 247)
   defining Unicode char U+0192 (decimal 402)
   defining Unicode char U+02C7 (decimal 711)
   defining Unicode char U+02D8 (decimal 728)
   defining Unicode char U+02DD (decimal 733)
   defining Unicode char U+0E3F (decimal 3647)
   defining Unicode char U+2016 (decimal 8214)
   defining Unicode char U+2020 (decimal 8224)
   defining Unicode char U+2021 (decimal 8225)
   defining Unicode char U+2022 (decimal 8226)
   defining Unicode char U+2030 (decimal 8240)
   defining Unicode char U+2031 (decimal 8241)
   defining Unicode char U+203B (decimal 8251)
   defining Unicode char U+203D (decimal 8253)
   defining Unicode char U+2044 (decimal 8260)
   defining Unicode char U+204E (decimal 8270)
   defining Unicode char U+2052 (decimal 8274)
   defining Unicode char U+20A1 (decimal 8353)
   defining Unicode char U+20A4 (decimal 8356)
   defining Unicode char U+20A6 (decimal 8358)
   defining Unicode char U+20A9 (decimal 8361)
   defining Unicode char U+20AB (decimal 8363)
   defining Unicode char U+20AC (decimal 8364)
   defining Unicode char U+20B1 (decimal 8369)
   defining Unicode char U+2103 (decimal 8451)
   defining Unicode char U+2116 (decimal 8470)
   defining Unicode char U+2117 (decimal 8471)
   defining Unicode char U+211E (decimal 8478)
   defining Unicode char U+2120 (decimal 8480)
   defining Unicode char U+2122 (decimal 8482)
   defining Unicode char U+2126 (decimal 8486)
   defining Unicode char U+2127 (decimal 8487)
   defining Unicode char U+212E (decimal 8494)
   defining Unicode char U+2190 (decimal 8592)
   defining Unicode char U+2191 (decimal 8593)
   defining Unicode char U+2192 (decimal 8594)
   defining Unicode char U+2193 (decimal 8595)
   defining Unicode char U+2329 (decimal 9001)
   defining Unicode char U+232A (decimal 9002)
   defining Unicode char U+2422 (decimal 9250)
   defining Unicode char U+25E6 (decimal 9702)
   defining Unicode char U+25EF (decimal 9711)
   defining Unicode char U+266A (decimal 9834)
   defining Unicode char U+FEFF (decimal 65279)
))) (svjour3.cls
Document Class: svjour3 2007/05/08 v3.2 
LaTeX document class for Springer journals
("C:\Users\Luca\AppData\Local\Programs\MiKTeX 2.9\tex/latex/base\fleqn.clo"
File: fleqn.clo 2016/12/29 v1.2b Standard LaTeX option (flush left equations)
\mathindent=\dimen102
Applying: [2015/01/01] Make \[ robust on input line 50.
LaTeX Info: Redefining \[ on input line 51.
Already applied: [0000/00/00] Make \[ robust on input line 62.
Applying: [2015/01/01] Make \] robust on input line 74.
LaTeX Info: Redefining \] on input line 75.
Already applied: [0000/00/00] Make \] robust on input line 83.
)
Class Springer-SVJour3 Info: extra/valid Springer sub-package (-> *.clo) 
(Springer-SVJour3)           not found in option list of \documentclass
(Springer-SVJour3)           - autoactivating "global" style.

(svglov3.clo
File: svglov3.clo 2009/12/18 v3.2 style option for standardised journals

SVJour Class option: svglov3.clo for standardised journals
)
LaTeX Font Info:    Redeclaring math symbol \Gamma on input line 147.
LaTeX Font Info:    Redeclaring math symbol \Delta on input line 148.
LaTeX Font Info:    Redeclaring math symbol \Theta on input line 149.
LaTeX Font Info:    Redeclaring math symbol \Lambda on input line 150.
LaTeX Font Info:    Redeclaring math symbol \Xi on input line 151.
LaTeX Font Info:    Redeclaring math symbol \Pi on input line 152.
LaTeX Font Info:    Redeclaring math symbol \Sigma on input line 153.
LaTeX Font Info:    Redeclaring math symbol \Upsilon on input line 154.
LaTeX Font Info:    Redeclaring math symbol \Phi on input line 155.
LaTeX Font Info:    Redeclaring math symbol \Psi on input line 156.
LaTeX Font Info:    Redeclaring math symbol \Omega on input line 157.
\logodepth=\dimen103
\headerboxheight=\dimen104
\betweenumberspace=\dimen105
\aftertext=\dimen106
\headlineindent=\dimen107
\c@inst=\count80
\c@auth=\count81
\instindent=\dimen108
\authrun=\box27
\authorrunning=\toks14
\titrun=\box28
\titlerunning=\toks15
\combirun=\box29
\c@lastpage=\count82
\rubricwidth=\dimen109
\c@section=\count83
\c@subsection=\count84
\c@subsubsection=\count85
\c@paragraph=\count86
\c@subparagraph=\count87
\spthmsep=\dimen110
\c@theorem=\count88
\c@case=\count89
\c@conjecture=\count90
\c@corollary=\count91
\c@definition=\count92
\c@example=\count93
\c@exercise=\count94
\c@lemma=\count95
\c@note=\count96
\c@problem=\count97
\c@property=\count98
\c@proposition=\count99
\c@question=\count100
\c@solution=\count101
\c@remark=\count102
\c@figure=\count103
\c@table=\count104
\abovecaptionskip=\skip41
\belowcaptionskip=\skip42
\figcapgap=\dimen111
\tabcapgap=\dimen112
\figgap=\dimen113
\bibindent=\dimen114
\@tempcntc=\count105
)
("C:\Users\Luca\AppData\Local\Programs\MiKTeX 2.9\tex/latex/graphics\graphicx.s
ty"
Package: graphicx 2017/06/01 v1.1a Enhanced LaTeX Graphics (DPC,SPQR)

("C:\Users\Luca\AppData\Local\Programs\MiKTeX 2.9\tex/latex/graphics\keyval.sty
"
Package: keyval 2014/10/28 v1.15 key=value parser (DPC)
\KV@toks@=\toks16
)
("C:\Users\Luca\AppData\Local\Programs\MiKTeX 2.9\tex/latex/graphics\graphics.s
ty"
Package: graphics 2017/06/25 v1.2c Standard LaTeX Graphics (DPC,SPQR)

("C:\Users\Luca\AppData\Local\Programs\MiKTeX 2.9\tex/latex/graphics\trig.sty"
Package: trig 2016/01/03 v1.10 sin cos tan (DPC)
)
("C:\Users\Luca\AppData\Local\Programs\MiKTeX 2.9\tex/latex/graphics-cfg\graphi
cs.cfg"
File: graphics.cfg 2016/06/04 v1.11 sample graphics configuration
)
Package graphics Info: Driver file: pdftex.def on input line 99.

("C:\Users\Luca\AppData\Local\Programs\MiKTeX 2.9\tex/latex/graphics-def\pdftex
.def"
File: pdftex.def 2018/01/08 v1.0l Graphics/color driver for pdftex
))
\Gin@req@height=\dimen115
\Gin@req@width=\dimen116
)
("C:\Users\Luca\AppData\Local\Programs\MiKTeX 2.9\tex/latex/oberdiek\epstopdf.s
ty"
Package: epstopdf 2016/05/15 v2.6 Conversion with epstopdf on the fly (HO)

("C:\Users\Luca\AppData\Local\Programs\MiKTeX 2.9\tex/latex/oberdiek\epstopdf-b
ase.sty"
Package: epstopdf-base 2016/05/15 v2.6 Base part for package epstopdf

("C:\Users\Luca\AppData\Local\Programs\MiKTeX 2.9\tex/generic/oberdiek\infwarer
r.sty"
Package: infwarerr 2016/05/16 v1.4 Providing info/warning/error messages (HO)
)
("C:\Users\Luca\AppData\Local\Programs\MiKTeX 2.9\tex/latex/oberdiek\grfext.sty
"
Package: grfext 2016/05/16 v1.2 Manage graphics extensions (HO)

("C:\Users\Luca\AppData\Local\Programs\MiKTeX 2.9\tex/generic/oberdiek\kvdefine
keys.sty"
Package: kvdefinekeys 2016/05/16 v1.4 Define keys (HO)

("C:\Users\Luca\AppData\Local\Programs\MiKTeX 2.9\tex/generic/oberdiek\ltxcmds.
sty"
Package: ltxcmds 2016/05/16 v1.23 LaTeX kernel commands for general use (HO)
)))
("C:\Users\Luca\AppData\Local\Programs\MiKTeX 2.9\tex/latex/oberdiek\kvoptions.
sty"
Package: kvoptions 2016/05/16 v3.12 Key value format for package options (HO)

("C:\Users\Luca\AppData\Local\Programs\MiKTeX 2.9\tex/generic/oberdiek\kvsetkey
s.sty"
Package: kvsetkeys 2016/05/16 v1.17 Key value parser (HO)

("C:\Users\Luca\AppData\Local\Programs\MiKTeX 2.9\tex/generic/oberdiek\etexcmds
.sty"
Package: etexcmds 2016/05/16 v1.6 Avoid name clashes with e-TeX commands (HO)

("C:\Users\Luca\AppData\Local\Programs\MiKTeX 2.9\tex/generic/oberdiek\ifluatex
.sty"
Package: ifluatex 2016/05/16 v1.4 Provides the ifluatex switch (HO)
Package ifluatex Info: LuaTeX not detected.
))))
("C:\Users\Luca\AppData\Local\Programs\MiKTeX 2.9\tex/generic/oberdiek\pdftexcm
ds.sty"
Package: pdftexcmds 2018/09/10 v0.29 Utility functions of pdfTeX for LuaTeX (HO
)

("C:\Users\Luca\AppData\Local\Programs\MiKTeX 2.9\tex/generic/oberdiek\ifpdf.st
y"
Package: ifpdf 2018/09/07 v3.3 Provides the ifpdf switch
)
Package pdftexcmds Info: LuaTeX not detected.
Package pdftexcmds Info: \pdf@primitive is available.
Package pdftexcmds Info: \pdf@ifprimitive is available.
Package pdftexcmds Info: \pdfdraftmode found.
)
Package epstopdf-base Info: Redefining graphics rule for `.eps' on input line 4
38.
Package grfext Info: Graphics extension search list:
(grfext)             [.pdf,.png,.jpg,.mps,.jpeg,.jbig2,.jb2,.PDF,.PNG,.JPG,.JPE
G,.JBIG2,.JB2,.eps]
(grfext)             \AppendGraphicsExtensions on input line 456.
)) ("C:\Users\Luca\AppData\Local\Programs\MiKTeX 2.9\tex/latex/cite\cite.sty"
LaTeX Info: Redefining \cite on input line 302.
LaTeX Info: Redefining \nocite on input line 332.
Package: cite 2015/02/27  v 5.5
) ("C:\Users\Luca\AppData\Local\Programs\MiKTeX 2.9\tex/latex/tools\array.sty"
Package: array 2018/12/30 v2.4k Tabular extension package (FMi)
\col@sep=\dimen117
\ar@mcellbox=\box30
\extrarowheight=\dimen118
\NC@list=\toks17
\extratabsurround=\skip43
\backup@length=\skip44
\ar@cellbox=\box31
) ("C:\Users\Luca\AppData\Local\Programs\MiKTeX 2.9\tex/latex/float\float.sty"
Package: float 2001/11/08 v1.3d Float enhancements (AL)
\c@float@type=\count106
\float@exts=\toks18
\float@box=\box32
\@float@everytoks=\toks19
\@floatcapt=\box33
)
("C:\Users\Luca\AppData\Local\Programs\MiKTeX 2.9\tex/latex/caption\caption.sty
"
Package: caption 2018/10/06 v3.3-154 Customizing captions (AR)

("C:\Users\Luca\AppData\Local\Programs\MiKTeX 2.9\tex/latex/caption\caption3.st
y"
Package: caption3 2018/09/12 v1.8c caption3 kernel (AR)
Package caption3 Info: TeX engine: e-TeX on input line 64.
\captionmargin=\dimen119
\captionmargin@=\dimen120
\captionwidth=\dimen121
\caption@tempdima=\dimen122
\caption@indent=\dimen123
\caption@parindent=\dimen124
\caption@hangindent=\dimen125
Package caption Info: Unknown document class (or package),
(caption)             standard defaults will be used.
)

Package caption Warning: Unsupported document class (or package) detected,
(caption)                usage of the caption package is not recommended.
See the caption package documentation for explanation.

Package caption Info: \@makecaption = \long macro:#1#2->\captionstyle \ifx \@ca
ptype \fig@type \vskip \figcapgap \fi \setbox \@tempboxa \hbox {{\floatlegendst
yle #1\floatcounterend }\capstrut #2}\ifdim \wd \@tempboxa >\hsize {\floatlegen
dstyle #1\floatcounterend }\capstrut #2\par \else \hbox to\hsize {\leftlegendgl
ue \unhbox \@tempboxa \hfil }\fi \ifx \@captype \fig@type \else \vskip \tabcapg
ap \fi .
\c@caption@flags=\count107
\c@ContinuedFloat=\count108
Package caption Info: float package is loaded.
)
("C:\Users\Luca\AppData\Local\Programs\MiKTeX 2.9\tex/latex/caption\subcaption.
sty"
Package: subcaption 2018/05/01 v1.1-162 Sub-captions (AR)
\c@subfigure=\count109
\c@subtable=\count110
)
("C:\Users\Luca\AppData\Local\Programs\MiKTeX 2.9\tex/latex/overpic\overpic.sty
"
Package: overpic 2018/09/02 1.2 picture overlays (RN)
 ("C:\Users\Luca\AppData\Local\Programs\MiKTeX 2.9\tex/latex/eepic\epic.sty"
Enhancements to Picture Environment. Version 1.2 - Released June 1, 1986
\@@multicnt=\count111
\d@lta=\count112
\@delta=\dimen126
\@@delta=\dimen127
\@gridcnt=\count113
\@joinkind=\count114
\@dotgap=\dimen128
\@ddotgap=\dimen129
\@x@diff=\count115
\@y@diff=\count116
\x@diff=\dimen130
\y@diff=\dimen131
\@dotbox=\box34
\num@segments=\count117
\num@segmentsi=\count118
\@datafile=\read1
)
\OVP@box=\box35
)
("C:\Users\Luca\AppData\Local\Programs\MiKTeX 2.9\tex/latex/booktabs\booktabs.s
ty"
Package: booktabs 2005/04/14 v1.61803 publication quality tables
\heavyrulewidth=\dimen132
\lightrulewidth=\dimen133
\cmidrulewidth=\dimen134
\belowrulesep=\dimen135
\belowbottomsep=\dimen136
\aboverulesep=\dimen137
\abovetopsep=\dimen138
\cmidrulesep=\dimen139
\cmidrulekern=\dimen140
\defaultaddspace=\dimen141
\@cmidla=\count119
\@cmidlb=\count120
\@aboverulesep=\dimen142
\@belowrulesep=\dimen143
\@thisruleclass=\count121
\@lastruleclass=\count122
\@thisrulewidth=\dimen144
) ("C:\Users\Luca\AppData\Local\Programs\MiKTeX 2.9\tex/latex/ulem\ulem.sty"
\UL@box=\box36
\UL@hyphenbox=\box37
\UL@skip=\skip45
\UL@hook=\toks20
\UL@height=\dimen145
\UL@pe=\count123
\UL@pixel=\dimen146
\ULC@box=\box38
Package: ulem 2012/05/18
\ULdepth=\dimen147
) ("C:\Users\Luca\AppData\Local\Programs\MiKTeX 2.9\tex/latex/graphics\color.st
y"
Package: color 2016/07/10 v1.1e Standard LaTeX Color (DPC)

("C:\Users\Luca\AppData\Local\Programs\MiKTeX 2.9\tex/latex/graphics-cfg\color.
cfg"
File: color.cfg 2016/01/02 v1.6 sample color configuration
)
Package color Info: Driver file: pdftex.def on input line 147.
) ("C:\Users\Luca\AppData\Local\Programs\MiKTeX 2.9\tex/latex/soul\soul.sty"
Package: soul 2003/11/17 v2.4 letterspacing/underlining (mf)
\SOUL@word=\toks21
\SOUL@lasttoken=\toks22
\SOUL@cmds=\toks23
\SOUL@buffer=\toks24
\SOUL@token=\toks25
\SOUL@spaceskip=\skip46
\SOUL@ttwidth=\dimen148
\SOUL@uldp=\dimen149
\SOUL@ulht=\dimen150
) ("C:\Users\Luca\AppData\Local\Programs\MiKTeX 2.9\tex/latex/svg\svg.sty"
Package: svg 2018/11/12 v2.02b (include SVG pictures)

("C:\Users\Luca\AppData\Local\Programs\MiKTeX 2.9\tex/latex/koma-script\scrbase
.sty"
Package: scrbase 2019/02/01 v3.26b KOMA-Script package (KOMA-Script-independent
 basics and keyval usage)

("C:\Users\Luca\AppData\Local\Programs\MiKTeX 2.9\tex/latex/koma-script\scrlfil
e.sty"
Package: scrlfile 2019/02/01 v3.26b KOMA-Script package (loading files)
))
("C:\Users\Luca\AppData\Local\Programs\MiKTeX 2.9\tex/generic/ifxetex\ifxetex.s
ty"
Package: ifxetex 2010/09/12 v0.6 Provides ifxetex conditional
)
("C:\Users\Luca\AppData\Local\Programs\MiKTeX 2.9\tex/latex/tools\shellesc.sty"
Package: shellesc 2016/06/07 v0.02a unified shell escape interface for LaTeX
Package shellesc Info: Restricted shell escape enabled on input line 69.
)
("C:\Users\Luca\AppData\Local\Programs\MiKTeX 2.9\tex/latex/trimspaces\trimspac
es.sty"
Package: trimspaces 2009/09/17 v1.1 Trim spaces around a token list
)
\svg@box=\box39
\c@svg@param@lastpage=\count124
\c@svg@param@currpage=\count125
)
("C:\Users\Luca\AppData\Local\Programs\MiKTeX 2.9\tex/latex/xcolor\xcolor.sty"
Package: xcolor 2016/05/11 v2.12 LaTeX color extensions (UK)

("C:\Users\Luca\AppData\Local\Programs\MiKTeX 2.9\tex/latex/graphics-cfg\color.
cfg"
File: color.cfg 2016/01/02 v1.6 sample color configuration
)
Package xcolor Info: Driver file: pdftex.def on input line 225.
LaTeX Info: Redefining \color on input line 709.
Package xcolor Info: Model `cmy' substituted by `cmy0' on input line 1348.
Package xcolor Info: Model `hsb' substituted by `rgb' on input line 1352.
Package xcolor Info: Model `RGB' extended on input line 1364.
Package xcolor Info: Model `HTML' substituted by `rgb' on input line 1366.
Package xcolor Info: Model `Hsb' substituted by `hsb' on input line 1367.
Package xcolor Info: Model `tHsb' substituted by `hsb' on input line 1368.
Package xcolor Info: Model `HSB' substituted by `hsb' on input line 1369.
Package xcolor Info: Model `Gray' substituted by `gray' on input line 1370.
Package xcolor Info: Model `wave' substituted by `hsb' on input line 1371.
)
("C:\Users\Luca\AppData\Local\Programs\MiKTeX 2.9\tex/latex/oberdiek\transparen
t.sty"
Package: transparent 2018/11/18 v1.3 Transparency via pdfTeX's color stack (HO)


("C:\Users\Luca\AppData\Local\Programs\MiKTeX 2.9\tex/latex/oberdiek\auxhook.st
y"
Package: auxhook 2016/05/16 v1.4 Hooks for auxiliary files (HO)
))
("C:\Users\Luca\AppData\Local\Programs\MiKTeX 2.9\tex/latex/amsmath\amsmath.sty
"
Package: amsmath 2018/12/01 v2.17b AMS math features
\@mathmargin=\skip47

For additional information on amsmath, use the `?' option.
("C:\Users\Luca\AppData\Local\Programs\MiKTeX 2.9\tex/latex/amsmath\amstext.sty
"
Package: amstext 2000/06/29 v2.01 AMS text
 ("C:\Users\Luca\AppData\Local\Programs\MiKTeX 2.9\tex/latex/amsmath\amsgen.sty
"
File: amsgen.sty 1999/11/30 v2.0 generic functions
\@emptytoks=\toks26
\ex@=\dimen151
))
("C:\Users\Luca\AppData\Local\Programs\MiKTeX 2.9\tex/latex/amsmath\amsbsy.sty"
Package: amsbsy 1999/11/29 v1.2d Bold Symbols
\pmbraise@=\dimen152
) ("C:\Users\Luca\AppData\Local\Programs\MiKTeX 2.9\tex/latex/amsmath\amsopn.st
y"
Package: amsopn 2016/03/08 v2.02 operator names
)
\inf@bad=\count126
LaTeX Info: Redefining \frac on input line 223.
\uproot@=\count127
\leftroot@=\count128
LaTeX Info: Redefining \overline on input line 385.
\classnum@=\count129
\DOTSCASE@=\count130
LaTeX Info: Redefining \ldots on input line 482.
LaTeX Info: Redefining \dots on input line 485.
LaTeX Info: Redefining \cdots on input line 606.
\Mathstrutbox@=\box40
\strutbox@=\box41
\big@size=\dimen153
LaTeX Font Info:    Redeclaring font encoding OML on input line 729.
LaTeX Font Info:    Redeclaring font encoding OMS on input line 730.


Package amsmath Warning: Unable to redefine math accent \vec.

\macc@depth=\count131
\c@MaxMatrixCols=\count132
\dotsspace@=\muskip10
\c@parentequation=\count133
\dspbrk@lvl=\count134
\tag@help=\toks27
\row@=\count135
\column@=\count136
\maxfields@=\count137
\andhelp@=\toks28
\eqnshift@=\dimen154
\alignsep@=\dimen155
\tagshift@=\dimen156
\tagwidth@=\dimen157
\totwidth@=\dimen158
\lineht@=\dimen159
\@envbody=\toks29
\multlinegap=\skip48
\multlinetaggap=\skip49
\mathdisplay@stack=\toks30
LaTeX Info: Redefining \[ on input line 2844.
LaTeX Info: Redefining \] on input line 2845.
) ("C:\Users\Luca\AppData\Local\Programs\MiKTeX 2.9\tex/latex/natbib\natbib.sty
"
Package: natbib 2010/09/13 8.31b (PWD, AO)


Package natbib Warning: The `cite' package should not be used
(natbib)                with natbib. Use option `sort' instead.

\bibhang=\skip50
\bibsep=\skip51
LaTeX Info: Redefining \cite on input line 694.
LaTeX Info: Redefining \citenum on input line 708.
\c@NAT@ctr=\count138
) ("palpation_manuscript - MARKED.aux")
\openout1 = `"palpation_manuscript - MARKED.aux"'.

LaTeX Font Info:    Checking defaults for OML/cmm/m/it on input line 86.
LaTeX Font Info:    ... okay on input line 86.
LaTeX Font Info:    Checking defaults for T1/cmr/m/n on input line 86.
LaTeX Font Info:    ... okay on input line 86.
LaTeX Font Info:    Checking defaults for OT1/cmr/m/n on input line 86.
LaTeX Font Info:    ... okay on input line 86.
LaTeX Font Info:    Checking defaults for OMS/cmsy/m/n on input line 86.
LaTeX Font Info:    ... okay on input line 86.
LaTeX Font Info:    Checking defaults for OMX/cmex/m/n on input line 86.
LaTeX Font Info:    ... okay on input line 86.
LaTeX Font Info:    Checking defaults for U/cmr/m/n on input line 86.
LaTeX Font Info:    ... okay on input line 86.
LaTeX Font Info:    Checking defaults for TS1/cmr/m/n on input line 86.
LaTeX Font Info:    ... okay on input line 86.

Unknown journal: specify \journalname{<name of your journal>} in preambel


("C:\Users\Luca\AppData\Local\Programs\MiKTeX 2.9\tex/context/base/mkii\supp-pd
f.mkii"
[Loading MPS to PDF converter (version 2006.09.02).]
\scratchcounter=\count139
\scratchdimen=\dimen160
\scratchbox=\box42
\nofMPsegments=\count140
\nofMParguments=\count141
\everyMPshowfont=\toks31
\MPscratchCnt=\count142
\MPscratchDim=\dimen161
\MPnumerator=\count143
\makeMPintoPDFobject=\count144
\everyMPtoPDFconversion=\toks32
)
Package caption Info: Begin \AtBeginDocument code.
Package caption Info: Incompatible package detected (regarding \@caption).
(caption)             \@caption = \long macro:#1[#2]#3->\par \addcontentsline {
\csname ext@#1\endcsname }{#1}{\protect \numberline {\csname the#1\endcsname }{
\ignorespaces #2}}\begingroup \@parboxrestore \@makecaption {\csname fnum@#1\en
dcsname }{\ignorespaces #3}\par \endgroup .


Package caption Warning: Forced redefinition of \caption since the
(caption)                unsupported(!) package option `compatibility=false'
(caption)                was given.
See the caption package documentation for explanation.

Package caption Info: End \AtBeginDocument code.
SVJour3 warning: Missing \journalname
LaTeX Font Info:    Calculating math sizes for size <8.5> on input line 121.

LaTeX Font Warning: Font shape `OMX/cmex/m/n' in size <8.5> not available
(Font)              size <8> substituted on input line 121.


Underfull \hbox (badness 6032) in paragraph at lines 121--121
[]$ \OT1/cmr/m/n/8.5 Bioin-spired Robotic Lab, En-gi-neer-ing De-part-ment,
 []


Overfull \hbox (2.45294pt too wide) in paragraph at lines 132--139
\OT1/cmr/m/n/10 with sens-ing tar-gets, in-duc-ing spatio-temporal force pat-
 []


Underfull \vbox (badness 10000) has occurred while \output is active []

 [1{C:/Users/Luca/AppData/Local/MiKTeX/2.9/pdftex/config/pdftex.map}


]

LaTeX Warning: No positions in optional float specifier.
               Default added (so using `tbp') on input line 194.

Package epstopdf Info: Source file: <./figs/set_up.eps>
(epstopdf)                    date: 2018-07-06 11:53:08
(epstopdf)                    size: 5221700 bytes
(epstopdf)             Output file: <./figs/set_up-eps-converted-to.pdf>
(epstopdf)                    date: 2018-07-06 11:53:08
(epstopdf)                    size: 222996 bytes
(epstopdf)             Command: <epstopdf --outfile=./figs/set_up-eps-converted
-to.pdf ./figs/set_up.eps>
(epstopdf)             \includegraphics on input line 198.
Package epstopdf Info: Output file is already uptodate.
<./figs/set_up-eps-converted-to.pdf, id=12, 1764.5925pt x 1832.8475pt>
File: ./figs/set_up-eps-converted-to.pdf Graphic file (type pdf)
<use ./figs/set_up-eps-converted-to.pdf>
Package pdftex.def Info: ./figs/set_up-eps-converted-to.pdf  used on input line
 198.
(pdftex.def)             Requested size: 221.75903pt x 230.33592pt.
<./figs/phantom.jpg, id=13, 1608.0075pt x 1617.04124pt>
File: ./figs/phantom.jpg Graphic file (type jpg)
<use ./figs/phantom.jpg>
Package pdftex.def Info: ./figs/phantom.jpg  used on input line 207.
(pdftex.def)             Requested size: 118.05643pt x 118.70676pt.
<./figs/ph2.jpg, id=14, 2252.415pt x 2214.2725pt>
File: ./figs/ph2.jpg Graphic file (type jpg)
<use ./figs/ph2.jpg>
Package pdftex.def Info: ./figs/ph2.jpg  used on input line 213.
(pdftex.def)             Requested size: 120.68248pt x 118.62627pt.
Package epstopdf Info: Source file: <./figs/phside.eps>
(epstopdf)                    date: 2018-07-06 11:53:08
(epstopdf)                    size: 24351 bytes
(epstopdf)             Output file: <./figs/phside-eps-converted-to.pdf>
(epstopdf)                    date: 2018-07-06 11:53:08
(epstopdf)                    size: 18433 bytes
(epstopdf)             Command: <epstopdf --outfile=./figs/phside-eps-converted
-to.pdf ./figs/phside.eps>
(epstopdf)             \includegraphics on input line 222.
Package epstopdf Info: Output file is already uptodate.
<./figs/phside-eps-converted-to.pdf, id=15, 437.635pt x 305.14pt>
File: ./figs/phside-eps-converted-to.pdf Graphic file (type pdf)
<use ./figs/phside-eps-converted-to.pdf>
Package pdftex.def Info: ./figs/phside-eps-converted-to.pdf  used on input line
 222.
(pdftex.def)             Requested size: 133.79674pt x 93.28871pt.
Package epstopdf Info: Source file: <./figs/phlocations.eps>
(epstopdf)                    date: 2018-07-06 11:53:08
(epstopdf)                    size: 74975 bytes
(epstopdf)             Output file: <./figs/phlocations-eps-converted-to.pdf>
(epstopdf)                    date: 2018-07-06 11:53:08
(epstopdf)                    size: 20638 bytes
(epstopdf)             Command: <epstopdf --outfile=./figs/phlocations-eps-conv
erted-to.pdf ./figs/phlocations.eps>
(epstopdf)             \includegraphics on input line 228.
Package epstopdf Info: Output file is already uptodate.
<./figs/phlocations-eps-converted-to.pdf, id=16, 539.01375pt x 396.48125pt>
File: ./figs/phlocations-eps-converted-to.pdf Graphic file (type pdf)
<use ./figs/phlocations-eps-converted-to.pdf>
Package pdftex.def Info: ./figs/phlocations-eps-converted-to.pdf  used on input
 line 228.
(pdftex.def)             Requested size: 120.68248pt x 88.76884pt.

Overfull \hbox (4.28627pt too wide) in paragraph at lines 239--245
[]\OT1/cmr/m/n/10 The im-por-tance of cat-e-go-riza-tion has pre-vi-ously been
 []


Underfull \vbox (badness 10000) has occurred while \output is active []


Overfull \hbox (6.21246pt too wide) in paragraph at lines 265--274
\OT1/cmr/m/n/10 Shallow), a $7\OML/cmm/m/it/10 mm$ \OT1/cmr/m/n/10 in-clu-sion 
placed at $15\OML/cmm/m/it/10 mm$ \OT1/cmr/m/n/10 as \OT1/cmr/m/it/10 SD \OT1/c
mr/m/n/10 (Small-
 []


Overfull \hbox (2.49559pt too wide) in paragraph at lines 275--276
\OML/cmm/m/it/10 Ph[]\OT1/cmr/m/n/10 1$, con-tain-ing $12[]$\OT1/cmr/m/it/10 NA
\OT1/cmr/m/n/10 , $1[]$\OT1/cmr/m/it/10 SD\OT1/cmr/m/n/10 , $1[]$\OT1/cmr/m/it/
10 SS\OT1/cmr/m/n/10 , $1[]$\OT1/cmr/m/it/10 BS\OT1/cmr/m/n/10 , $1[]$\OT1/cmr/
m/it/10 BD \OT1/cmr/m/n/10 (Fig.
 []


Underfull \hbox (badness 10000) in paragraph at lines 280--280
[][]\OT1/cmr/m/n/8.5 http://www.robotshop.com/uk/st-robotics-r12-5-axis-
 []

[2]
Overfull \hbox (0.95291pt too wide) in paragraph at lines 322--327
[]\OT1/cmr/m/n/10 First, the ver-ti-cal prob-ing strat-egy is per-formed with
 []


Overfull \hbox (0.45296pt too wide) in paragraph at lines 322--327
\OT1/cmr/m/n/10 record-ing and re-turns to a neu-tral po-si-tion 10 mm above
 []


Underfull \vbox (badness 10000) has occurred while \output is active []

 [3 <./figs/set_up-eps-converted-to.pdf> <./figs/phantom.jpg> <./figs/ph2.jpg> 
<./figs/phside-eps-converted-to.pdf> <./figs/phlocations-eps-converted-to.pdf>]


LaTeX Warning: No positions in optional float specifier.
               Default added (so using `tbp') on input line 347.

Package epstopdf Info: Source file: <./figs/Presentationarchitecture.eps>
(epstopdf)                    date: 2018-07-06 11:53:06
(epstopdf)                    size: 2847371 bytes
(epstopdf)             Output file: <./figs/Presentationarchitecture-eps-conver
ted-to.pdf>
(epstopdf)                    date: 2018-07-06 11:53:06
(epstopdf)                    size: 46187 bytes
(epstopdf)             Command: <epstopdf --outfile=./figs/Presentationarchitec
ture-eps-converted-to.pdf ./figs/Presentationarchitecture.eps>
(epstopdf)             \includegraphics on input line 351.
Package epstopdf Info: Output file is already uptodate.
<./figs/Presentationarchitecture-eps-converted-to.pdf, id=41, 457.71pt x 233.87
375pt>
File: ./figs/Presentationarchitecture-eps-converted-to.pdf Graphic file (type p
df)
<use ./figs/Presentationarchitecture-eps-converted-to.pdf>
Package pdftex.def Info: ./figs/Presentationarchitecture-eps-converted-to.pdf  
used on input line 351.
(pdftex.def)             Requested size: 163.68987pt x 83.63777pt.
Package epstopdf Info: Source file: <./figs/probefreccia.eps>
(epstopdf)                    date: 2018-07-06 11:53:08
(epstopdf)                    size: 830112 bytes
(epstopdf)             Output file: <./figs/probefreccia-eps-converted-to.pdf>
(epstopdf)                    date: 2018-07-06 11:53:08
(epstopdf)                    size: 27034 bytes
(epstopdf)             Command: <epstopdf --outfile=./figs/probefreccia-eps-con
verted-to.pdf ./figs/probefreccia.eps>
(epstopdf)             \includegraphics on input line 357.
Package epstopdf Info: Output file is already uptodate.
<./figs/probefreccia-eps-converted-to.pdf, id=42, 461.725pt x 542.025pt>
File: ./figs/probefreccia-eps-converted-to.pdf Graphic file (type pdf)
<use ./figs/probefreccia-eps-converted-to.pdf>
Package pdftex.def Info: ./figs/probefreccia-eps-converted-to.pdf  used on inpu
t line 357.
(pdftex.def)             Requested size: 64.52135pt x 75.74237pt.

LaTeX Warning: No positions in optional float specifier.
               Default added (so using `tbp') on input line 367.

<./figs/motion_diagram.pdf, id=43, 1531.7225pt x 831.105pt>
File: ./figs/motion_diagram.pdf Graphic file (type pdf)
<use ./figs/motion_diagram.pdf>
Package pdftex.def Info: ./figs/motion_diagram.pdf  used on input line 369.
(pdftex.def)             Requested size: 238.96417pt x 129.65692pt.

LaTeX Warning: No positions in optional float specifier.
               Default added (so using `tbp') on input line 383.

<./figs/conceptual_framework.pdf, id=44, 445.665pt x 194.7275pt>
File: ./figs/conceptual_framework.pdf Graphic file (type pdf)
<use ./figs/conceptual_framework.pdf>
Package pdftex.def Info: ./figs/conceptual_framework.pdf  used on input line 38
5.
(pdftex.def)             Requested size: 238.96417pt x 104.4114pt.

LaTeX Warning: No positions in optional float specifier.
               Default added (so using `tbp') on input line 400.

<./figs/motion_primitive_preprocessing.pdf, id=45, 854.23138pt x 387.36719pt>
File: ./figs/motion_primitive_preprocessing.pdf Graphic file (type pdf)
<use ./figs/motion_primitive_preprocessing.pdf>
Package pdftex.def Info: ./figs/motion_primitive_preprocessing.pdf  used on inp
ut line 402.
(pdftex.def)             Requested size: 396.00151pt x 179.57417pt.
[4 <./figs/Presentationarchitecture-eps-converted-to.pdf> <./figs/probefreccia-
eps-converted-to.pdf> <./figs/motion_diagram.pdf

pdfTeX warning: pdflatex.exe (file ./figs/motion_diagram.pdf): PDF inclusion: i
nvalid other resource which is no dict (key 'ProcSets', type <array>); ignored.

> <./figs/conceptual_framework.pdf

pdfTeX warning: pdflatex.exe (file ./figs/conceptual_framework.pdf): PDF inclus
ion: invalid other resource which is no dict (key 'ProcSets', type <array>); ig
nored.
>]

LaTeX Warning: No positions in optional float specifier.
               Default added (so using `tbp') on input line 454.

<./figs/skin.pdf, id=125, 390.45876pt x 337.26pt>
File: ./figs/skin.pdf Graphic file (type pdf)
<use ./figs/skin.pdf>
Package pdftex.def Info: ./figs/skin.pdf  used on input line 457.
(pdftex.def)             Requested size: 59.39758pt x 51.30212pt.
Package epstopdf Info: Source file: <./figs/phantom1properties_rawdataf_Vertica
l-d6_5.eps>
(epstopdf)                    date: 2018-07-06 11:53:08
(epstopdf)                    size: 1944060 bytes
(epstopdf)             Output file: <./figs/phantom1properties_rawdataf_Vertica
l-d6_5-eps-converted-to.pdf>
(epstopdf)                    date: 2018-07-06 11:53:08
(epstopdf)                    size: 20885 bytes
(epstopdf)             Command: <epstopdf --outfile=./figs/phantom1properties_r
awdataf_Vertical-d6_5-eps-converted-to.pdf ./figs/phantom1properties_rawdataf_V
ertical-d6_5.eps>
(epstopdf)             \includegraphics on input line 465.
Package epstopdf Info: Output file is already uptodate.
<./figs/phantom1properties_rawdataf_Vertical-d6_5-eps-converted-to.pdf, id=126,
 931.48pt x 312.16624pt>
File: ./figs/phantom1properties_rawdataf_Vertical-d6_5-eps-converted-to.pdf Gra
phic file (type pdf)
<use ./figs/phantom1properties_rawdataf_Vertical-d6_5-eps-converted-to.pdf>
Package pdftex.def Info: ./figs/phantom1properties_rawdataf_Vertical-d6_5-eps-c
onverted-to.pdf  used on input line 465.
(pdftex.def)             Requested size: 188.10242pt x 63.03706pt.

LaTeX Font Warning: Command \small invalid in math mode on input line 466.


LaTeX Font Warning: Command \small invalid in math mode on input line 466.

Package epstopdf Info: Source file: <./figs/phantom1properties_rawdataf_Vertica
l-d19_5.eps>
(epstopdf)                    date: 2018-07-06 11:53:08
(epstopdf)                    size: 1944061 bytes
(epstopdf)             Output file: <./figs/phantom1properties_rawdataf_Vertica
l-d19_5-eps-converted-to.pdf>
(epstopdf)                    date: 2018-07-06 11:53:08
(epstopdf)                    size: 21182 bytes
(epstopdf)             Command: <epstopdf --outfile=./figs/phantom1properties_r
awdataf_Vertical-d19_5-eps-converted-to.pdf ./figs/phantom1properties_rawdataf_
Vertical-d19_5.eps>
(epstopdf)             \includegraphics on input line 471.
Package epstopdf Info: Output file is already uptodate.
<./figs/phantom1properties_rawdataf_Vertical-d19_5-eps-converted-to.pdf, id=127
, 931.48pt x 312.16624pt>
File: ./figs/phantom1properties_rawdataf_Vertical-d19_5-eps-converted-to.pdf Gr
aphic file (type pdf)
<use ./figs/phantom1properties_rawdataf_Vertical-d19_5-eps-converted-to.pdf>
Package pdftex.def Info: ./figs/phantom1properties_rawdataf_Vertical-d19_5-eps-
converted-to.pdf  used on input line 471.
(pdftex.def)             Requested size: 188.10242pt x 63.03706pt.

LaTeX Font Warning: Command \small invalid in math mode on input line 472.


LaTeX Font Warning: Command \small invalid in math mode on input line 472.

[5 <./figs/motion_primitive_preprocessing.pdf>]
Overfull \hbox (4.54324pt too wide) in paragraph at lines 527--531
\OT1/cmr/m/n/10 in-cre-ments and $\OML/cmm/m/it/10 r \OMS/cmsy/m/n/10 2 \OT1/cm
r/m/n/10 [0\OML/cmm/m/it/10 mm; \OT1/cmr/m/n/10 10\OML/cmm/m/it/10 mm; \OT1/cmr
/m/n/10 12\OML/cmm/m/it/10 mm; \OT1/cmr/m/n/10 14\OML/cmm/m/it/10 mm; \OT1/cmr/
m/n/10 16\OML/cmm/m/it/10 mm\OT1/cmr/m/n/10 ]$.
 []


Overfull \hbox (0.42516pt too wide) in paragraph at lines 544--554
\OT1/cmr/m/n/10 work is the re-duc-tion of the high di-men-sional spa-tiotem-
 []


LaTeX Warning: No positions in optional float specifier.
               Default added (so using `tbp') on input line 555.

Package epstopdf Info: Source file: <./figs/phantom2properties_pcafig_Vertical-
d14_5.eps>
(epstopdf)                    date: 2018-07-06 11:53:08
(epstopdf)                    size: 33172 bytes
(epstopdf)             Output file: <./figs/phantom2properties_pcafig_Vertical-
d14_5-eps-converted-to.pdf>
(epstopdf)                    date: 2018-07-06 11:53:08
(epstopdf)                    size: 19142 bytes
(epstopdf)             Command: <epstopdf --outfile=./figs/phantom2properties_p
cafig_Vertical-d14_5-eps-converted-to.pdf ./figs/phantom2properties_pcafig_Vert
ical-d14_5.eps>
(epstopdf)             \includegraphics on input line 558.
Package epstopdf Info: Output file is already uptodate.
<./figs/phantom2properties_pcafig_Vertical-d14_5-eps-converted-to.pdf, id=284, 
929.4725pt x 569.12625pt>
File: ./figs/phantom2properties_pcafig_Vertical-d14_5-eps-converted-to.pdf Grap
hic file (type pdf)
<use ./figs/phantom2properties_pcafig_Vertical-d14_5-eps-converted-to.pdf>
Package pdftex.def Info: ./figs/phantom2properties_pcafig_Vertical-d14_5-eps-co
nverted-to.pdf  used on input line 558.
(pdftex.def)             Requested size: 232.6506pt x 142.44621pt.

LaTeX Font Warning: Command \small invalid in math mode on input line 559.


LaTeX Font Warning: Command \small invalid in math mode on input line 559.

Package epstopdf Info: Source file: <./figs/phantom2properties3-12-13-21-42-24-
31-31-2_pcafig_Rotate-d190-r120.eps>
(epstopdf)                    date: 2018-07-06 11:53:08
(epstopdf)                    size: 33200 bytes
(epstopdf)             Output file: <./figs/phantom2properties3-12-13-21-42-24-
31-31-2_pcafig_Rotate-d190-r120-eps-converted-to.pdf>
(epstopdf)                    date: 2018-07-06 11:53:08
(epstopdf)                    size: 19137 bytes
(epstopdf)             Command: <epstopdf --outfile=./figs/phantom2properties3-
12-13-21-42-24-31-31-2_pcafig_Rotate-d190-r120-eps-converted-to.pdf ./figs/phan
tom2properties3-12-13-21-42-24-31-31-2_pcafig_Rotate-d190-r120.eps>
(epstopdf)             \includegraphics on input line 564.
Package epstopdf Info: Output file is already uptodate.
<./figs/phantom2properties3-12-13-21-42-24-31-31-2_pcafig_Rotate-d190-r120-eps-
converted-to.pdf, id=285, 929.4725pt x 569.12625pt>
File: ./figs/phantom2properties3-12-13-21-42-24-31-31-2_pcafig_Rotate-d190-r120
-eps-converted-to.pdf Graphic file (type pdf)
<use ./figs/phantom2properties3-12-13-21-42-24-31-31-2_pcafig_Rotate-d190-r120-
eps-converted-to.pdf>
Package pdftex.def Info: ./figs/phantom2properties3-12-13-21-42-24-31-31-2_pcaf
ig_Rotate-d190-r120-eps-converted-to.pdf  used on input line 564.
(pdftex.def)             Requested size: 232.6506pt x 142.44621pt.

LaTeX Font Warning: Command \small invalid in math mode on input line 565.


LaTeX Font Warning: Command \small invalid in math mode on input line 565.


LaTeX Warning: No positions in optional float specifier.
               Default added (so using `tbp') on input line 572.

Package epstopdf Info: Source file: <./figs/explained_variance_vertical_quantit
y.eps>
(epstopdf)                    date: 2018-07-06 11:53:06
(epstopdf)                    size: 40175 bytes
(epstopdf)             Output file: <./figs/explained_variance_vertical_quantit
y-eps-converted-to.pdf>
(epstopdf)                    date: 2018-07-06 11:53:06
(epstopdf)                    size: 24849 bytes
(epstopdf)             Command: <epstopdf --outfile=./figs/explained_variance_v
ertical_quantity-eps-converted-to.pdf ./figs/explained_variance_vertical_quanti
ty.eps>
(epstopdf)             \includegraphics on input line 575.
Package epstopdf Info: Output file is already uptodate.
<./figs/explained_variance_vertical_quantity-eps-converted-to.pdf, id=286, 933.
4875pt x 569.12625pt>
File: ./figs/explained_variance_vertical_quantity-eps-converted-to.pdf Graphic 
file (type pdf)
<use ./figs/explained_variance_vertical_quantity-eps-converted-to.pdf>
Package pdftex.def Info: ./figs/explained_variance_vertical_quantity-eps-conver
ted-to.pdf  used on input line 575.
(pdftex.def)             Requested size: 237.59789pt x 144.85172pt.
Package epstopdf Info: Source file: <./figs/explained_variance_rotation_quantit
y.eps>
(epstopdf)                    date: 2018-07-06 11:53:06
(epstopdf)                    size: 42740 bytes
(epstopdf)             Output file: <./figs/explained_variance_rotation_quantit
y-eps-converted-to.pdf>
(epstopdf)                    date: 2018-07-06 11:53:06
(epstopdf)                    size: 24436 bytes
(epstopdf)             Command: <epstopdf --outfile=./figs/explained_variance_r
otation_quantity-eps-converted-to.pdf ./figs/explained_variance_rotation_quanti
ty.eps>
(epstopdf)             \includegraphics on input line 580.
Package epstopdf Info: Output file is already uptodate.
<./figs/explained_variance_rotation_quantity-eps-converted-to.pdf, id=287, 933.
4875pt x 569.12625pt>
File: ./figs/explained_variance_rotation_quantity-eps-converted-to.pdf Graphic 
file (type pdf)
<use ./figs/explained_variance_rotation_quantity-eps-converted-to.pdf>
Package pdftex.def Info: ./figs/explained_variance_rotation_quantity-eps-conver
ted-to.pdf  used on input line 580.
(pdftex.def)             Requested size: 237.59789pt x 144.85172pt.

LaTeX Warning: No positions in optional float specifier.
               Default added (so using `tbp') on input line 590.

Package epstopdf Info: Source file: <./figs/explained_variance_vertical_quality
.eps>
(epstopdf)                    date: 2018-07-06 11:53:06
(epstopdf)                    size: 38466 bytes
(epstopdf)             Output file: <./figs/explained_variance_vertical_quality
-eps-converted-to.pdf>
(epstopdf)                    date: 2018-07-06 11:53:06
(epstopdf)                    size: 24785 bytes
(epstopdf)             Command: <epstopdf --outfile=./figs/explained_variance_v
ertical_quality-eps-converted-to.pdf ./figs/explained_variance_vertical_quality
.eps>
(epstopdf)             \includegraphics on input line 593.
Package epstopdf Info: Output file is already uptodate.
<./figs/explained_variance_vertical_quality-eps-converted-to.pdf, id=288, 933.4
875pt x 569.12625pt>
File: ./figs/explained_variance_vertical_quality-eps-converted-to.pdf Graphic f
ile (type pdf)
<use ./figs/explained_variance_vertical_quality-eps-converted-to.pdf>
Package pdftex.def Info: ./figs/explained_variance_vertical_quality-eps-convert
ed-to.pdf  used on input line 593.
(pdftex.def)             Requested size: 238.96417pt x 145.6854pt.
Package epstopdf Info: Source file: <./figs/explained_variance_rotation_quality
.eps>
(epstopdf)                    date: 2018-07-06 11:53:06
(epstopdf)                    size: 39995 bytes
(epstopdf)             Output file: <./figs/explained_variance_rotation_quality
-eps-converted-to.pdf>
(epstopdf)                    date: 2018-07-06 11:53:06
(epstopdf)                    size: 23531 bytes
(epstopdf)             Command: <epstopdf --outfile=./figs/explained_variance_r
otation_quality-eps-converted-to.pdf ./figs/explained_variance_rotation_quality
.eps>
(epstopdf)             \includegraphics on input line 598.
Package epstopdf Info: Output file is already uptodate.
<./figs/explained_variance_rotation_quality-eps-converted-to.pdf, id=289, 933.4
875pt x 569.12625pt>
File: ./figs/explained_variance_rotation_quality-eps-converted-to.pdf Graphic f
ile (type pdf)
<use ./figs/explained_variance_rotation_quality-eps-converted-to.pdf>
Package pdftex.def Info: ./figs/explained_variance_rotation_quality-eps-convert
ed-to.pdf  used on input line 598.
(pdftex.def)             Requested size: 238.96417pt x 145.6854pt.
[6 <./figs/skin.pdf

pdfTeX warning: pdflatex.exe (file ./figs/skin.pdf): PDF inclusion: invalid oth
er resource which is no dict (key 'ProcSets', type <array>); ignored.
> <./figs/phantom1properties_rawdataf_Vertical-d6_5-eps-converted-to.pdf> <./fi
gs/phantom1properties_rawdataf_Vertical-d19_5-eps-converted-to.pdf>] [7 <./figs
/phantom2properties_pcafig_Vertical-d14_5-eps-converted-to.pdf> <./figs/phantom
2properties3-12-13-21-42-24-31-31-2_pcafig_Rotate-d190-r120-eps-converted-to.pd
f> <./figs/explained_variance_vertical_quantity-eps-converted-to.pdf> <./figs/e
xplained_variance_rotation_quantity-eps-converted-to.pdf> <./figs/explained_var
iance_vertical_quality-eps-converted-to.pdf> <./figs/explained_variance_rotatio
n_quality-eps-converted-to.pdf>]

LaTeX Warning: No positions in optional float specifier.
               Default added (so using `tbp') on input line 628.


LaTeX Warning: File `./figs/flow.eps' not found on input line 630.

Package epstopdf Info: Source file: <./figs/flow.eps>
(epstopdf)             Output file: <./figs/flow-eps-converted-to.pdf>
(epstopdf)                    date: 2018-07-06 11:53:08
(epstopdf)                    size: 17804 bytes
(epstopdf)             Command: <epstopdf --outfile=./figs/flow-eps-converted-t
o.pdf ./figs/flow.eps>
(epstopdf)             \includegraphics on input line 630.
Package epstopdf Info: Output file is already uptodate.
<./figs/flow-eps-converted-to.pdf, id=612, 929.4725pt x 569.12625pt>
File: ./figs/flow-eps-converted-to.pdf Graphic file (type pdf)
<use ./figs/flow-eps-converted-to.pdf>
Package pdftex.def Info: ./figs/flow-eps-converted-to.pdf  used on input line 6
30.
(pdftex.def)             Requested size: 238.96417pt x 146.31934pt.

LaTeX Warning: No positions in optional float specifier.
               Default added (so using `tbp') on input line 666.

Package epstopdf Info: Source file: <./figs/silhouette_coefficient_vertical_qua
ntity.eps>
(epstopdf)                    date: 2018-07-06 11:53:08
(epstopdf)                    size: 40968 bytes
(epstopdf)             Output file: <./figs/silhouette_coefficient_vertical_qua
ntity-eps-converted-to.pdf>
(epstopdf)                    date: 2018-07-06 11:53:08
(epstopdf)                    size: 25974 bytes
(epstopdf)             Command: <epstopdf --outfile=./figs/silhouette_coefficie
nt_vertical_quantity-eps-converted-to.pdf ./figs/silhouette_coefficient_vertica
l_quantity.eps>
(epstopdf)             \includegraphics on input line 669.
Package epstopdf Info: Output file is already uptodate.
<./figs/silhouette_coefficient_vertical_quantity-eps-converted-to.pdf, id=613, 
933.4875pt x 569.12625pt>
File: ./figs/silhouette_coefficient_vertical_quantity-eps-converted-to.pdf Grap
hic file (type pdf)
<use ./figs/silhouette_coefficient_vertical_quantity-eps-converted-to.pdf>
Package pdftex.def Info: ./figs/silhouette_coefficient_vertical_quantity-eps-co
nverted-to.pdf  used on input line 669.
(pdftex.def)             Requested size: 238.96417pt x 145.6854pt.
Package epstopdf Info: Source file: <./figs/silhouette_coefficient_rotation_qua
ntity.eps>
(epstopdf)                    date: 2018-07-06 11:53:08
(epstopdf)                    size: 42075 bytes
(epstopdf)             Output file: <./figs/silhouette_coefficient_rotation_qua
ntity-eps-converted-to.pdf>
(epstopdf)                    date: 2018-07-06 11:53:08
(epstopdf)                    size: 24981 bytes
(epstopdf)             Command: <epstopdf --outfile=./figs/silhouette_coefficie
nt_rotation_quantity-eps-converted-to.pdf ./figs/silhouette_coefficient_rotatio
n_quantity.eps>
(epstopdf)             \includegraphics on input line 674.
Package epstopdf Info: Output file is already uptodate.
<./figs/silhouette_coefficient_rotation_quantity-eps-converted-to.pdf, id=614, 
933.4875pt x 569.12625pt>
File: ./figs/silhouette_coefficient_rotation_quantity-eps-converted-to.pdf Grap
hic file (type pdf)
<use ./figs/silhouette_coefficient_rotation_quantity-eps-converted-to.pdf>
Package pdftex.def Info: ./figs/silhouette_coefficient_rotation_quantity-eps-co
nverted-to.pdf  used on input line 674.
(pdftex.def)             Requested size: 238.96417pt x 145.6854pt.

LaTeX Warning: No positions in optional float specifier.
               Default added (so using `tbp') on input line 683.

Package epstopdf Info: Source file: <./figs/silhouette_coefficient_vertical_qua
lity.eps>
(epstopdf)                    date: 2018-07-06 11:53:08
(epstopdf)                    size: 36721 bytes
(epstopdf)             Output file: <./figs/silhouette_coefficient_vertical_qua
lity-eps-converted-to.pdf>
(epstopdf)                    date: 2018-07-06 11:53:08
(epstopdf)                    size: 23107 bytes
(epstopdf)             Command: <epstopdf --outfile=./figs/silhouette_coefficie
nt_vertical_quality-eps-converted-to.pdf ./figs/silhouette_coefficient_vertical
_quality.eps>
(epstopdf)             \includegraphics on input line 686.
Package epstopdf Info: Output file is already uptodate.
<./figs/silhouette_coefficient_vertical_quality-eps-converted-to.pdf, id=615, 9
33.4875pt x 569.12625pt>
File: ./figs/silhouette_coefficient_vertical_quality-eps-converted-to.pdf Graph
ic file (type pdf)
<use ./figs/silhouette_coefficient_vertical_quality-eps-converted-to.pdf>
Package pdftex.def Info: ./figs/silhouette_coefficient_vertical_quality-eps-con
verted-to.pdf  used on input line 686.
(pdftex.def)             Requested size: 238.96417pt x 145.6854pt.
Package epstopdf Info: Source file: <./figs/silhouette_coefficient_rotation_qua
lity.eps>
(epstopdf)                    date: 2018-07-06 11:53:08
(epstopdf)                    size: 39934 bytes
(epstopdf)             Output file: <./figs/silhouette_coefficient_rotation_qua
lity-eps-converted-to.pdf>
(epstopdf)                    date: 2018-07-06 11:53:08
(epstopdf)                    size: 23567 bytes
(epstopdf)             Command: <epstopdf --outfile=./figs/silhouette_coefficie
nt_rotation_quality-eps-converted-to.pdf ./figs/silhouette_coefficient_rotation
_quality.eps>
(epstopdf)             \includegraphics on input line 691.
Package epstopdf Info: Output file is already uptodate.
<./figs/silhouette_coefficient_rotation_quality-eps-converted-to.pdf, id=616, 9
33.4875pt x 569.12625pt>
File: ./figs/silhouette_coefficient_rotation_quality-eps-converted-to.pdf Graph
ic file (type pdf)
<use ./figs/silhouette_coefficient_rotation_quality-eps-converted-to.pdf>
Package pdftex.def Info: ./figs/silhouette_coefficient_rotation_quality-eps-con
verted-to.pdf  used on input line 691.
(pdftex.def)             Requested size: 238.96417pt x 145.6854pt.

LaTeX Warning: No positions in optional float specifier.
               Default added (so using `tbp') on input line 700.

Package epstopdf Info: Source file: <./figs/bar_clst_num_change.eps>
(epstopdf)                    date: 2018-07-06 11:53:06
(epstopdf)                    size: 40761 bytes
(epstopdf)             Output file: <./figs/bar_clst_num_change-eps-converted-t
o.pdf>
(epstopdf)                    date: 2018-07-06 11:53:06
(epstopdf)                    size: 19693 bytes
(epstopdf)             Command: <epstopdf --outfile=./figs/bar_clst_num_change-
eps-converted-to.pdf ./figs/bar_clst_num_change.eps>
(epstopdf)             \includegraphics on input line 702.
Package epstopdf Info: Output file is already uptodate.
<./figs/bar_clst_num_change-eps-converted-to.pdf, id=617, 1292.83pt x 715.67375
pt>
File: ./figs/bar_clst_num_change-eps-converted-to.pdf Graphic file (type pdf)
<use ./figs/bar_clst_num_change-eps-converted-to.pdf>
Package pdftex.def Info: ./figs/bar_clst_num_change-eps-converted-to.pdf  used 
on input line 702.
(pdftex.def)             Requested size: 238.96417pt x 132.27744pt.

LaTeX Font Warning: Command \small invalid in math mode on input line 723.


LaTeX Font Warning: Command \small invalid in math mode on input line 723.

[8 <./figs/flow-eps-converted-to.pdf>]
Underfull \vbox (badness 10000) has occurred while \output is active []

 [9 <./figs/silhouette_coefficient_vertical_quantity-eps-converted-to.pdf> <./f
igs/silhouette_coefficient_rotation_quantity-eps-converted-to.pdf> <./figs/silh
ouette_coefficient_vertical_quality-eps-converted-to.pdf> <./figs/silhouette_co
efficient_rotation_quality-eps-converted-to.pdf> <./figs/bar_clst_num_change-ep
s-converted-to.pdf>]

LaTeX Font Warning: Command \tiny invalid in math mode on input line 781.


LaTeX Font Warning: Command \tiny invalid in math mode on input line 782.


LaTeX Warning: No positions in optional float specifier.
               Default added (so using `tbp') on input line 801.

Package epstopdf Info: Source file: <./figs/phantom1properties_clsplt_Vertical-
d6_5.eps>
(epstopdf)                    date: 2018-07-06 11:53:08
(epstopdf)                    size: 30324 bytes
(epstopdf)             Output file: <./figs/phantom1properties_clsplt_Vertical-
d6_5-eps-converted-to.pdf>
(epstopdf)                    date: 2018-07-06 11:53:08
(epstopdf)                    size: 15715 bytes
(epstopdf)             Command: <epstopdf --outfile=./figs/phantom1properties_c
lsplt_Vertical-d6_5-eps-converted-to.pdf ./figs/phantom1properties_clsplt_Verti
cal-d6_5.eps>
(epstopdf)             \includegraphics on input line 804.
Package epstopdf Info: Output file is already uptodate.
<./figs/phantom1properties_clsplt_Vertical-d6_5-eps-converted-to.pdf, id=881, 9
29.4725pt x 569.12625pt>
File: ./figs/phantom1properties_clsplt_Vertical-d6_5-eps-converted-to.pdf Graph
ic file (type pdf)
<use ./figs/phantom1properties_clsplt_Vertical-d6_5-eps-converted-to.pdf>
Package pdftex.def Info: ./figs/phantom1properties_clsplt_Vertical-d6_5-eps-con
verted-to.pdf  used on input line 804.
(pdftex.def)             Requested size: 237.59789pt x 145.47697pt.

LaTeX Font Warning: Command \small invalid in math mode on input line 805.


LaTeX Font Warning: Command \small invalid in math mode on input line 805.

Package epstopdf Info: Source file: <./figs/phantom1properties_clsplt_Vertical-
d19_5.eps>
(epstopdf)                    date: 2018-07-06 11:53:08
(epstopdf)                    size: 32296 bytes
(epstopdf)             Output file: <./figs/phantom1properties_clsplt_Vertical-
d19_5-eps-converted-to.pdf>
(epstopdf)                    date: 2018-07-06 11:53:08
(epstopdf)                    size: 17370 bytes
(epstopdf)             Command: <epstopdf --outfile=./figs/phantom1properties_c
lsplt_Vertical-d19_5-eps-converted-to.pdf ./figs/phantom1properties_clsplt_Vert
ical-d19_5.eps>
(epstopdf)             \includegraphics on input line 810.
Package epstopdf Info: Output file is already uptodate.
<./figs/phantom1properties_clsplt_Vertical-d19_5-eps-converted-to.pdf, id=882, 
929.4725pt x 569.12625pt>
File: ./figs/phantom1properties_clsplt_Vertical-d19_5-eps-converted-to.pdf Grap
hic file (type pdf)
<use ./figs/phantom1properties_clsplt_Vertical-d19_5-eps-converted-to.pdf>
Package pdftex.def Info: ./figs/phantom1properties_clsplt_Vertical-d19_5-eps-co
nverted-to.pdf  used on input line 810.
(pdftex.def)             Requested size: 237.59789pt x 145.47697pt.

LaTeX Font Warning: Command \small invalid in math mode on input line 811.


LaTeX Font Warning: Command \small invalid in math mode on input line 811.


LaTeX Warning: No positions in optional float specifier.
               Default added (so using `tbp') on input line 821.

Package epstopdf Info: Source file: <./figs/phantom1properties_clsplt_Rotate-d1
00-r100.eps>
(epstopdf)                    date: 2018-07-06 11:53:08
(epstopdf)                    size: 30692 bytes
(epstopdf)             Output file: <./figs/phantom1properties_clsplt_Rotate-d1
00-r100-eps-converted-to.pdf>
(epstopdf)                    date: 2018-07-06 11:53:08
(epstopdf)                    size: 16544 bytes
(epstopdf)             Command: <epstopdf --outfile=./figs/phantom1properties_c
lsplt_Rotate-d100-r100-eps-converted-to.pdf ./figs/phantom1properties_clsplt_Ro
tate-d100-r100.eps>
(epstopdf)             \includegraphics on input line 825.
Package epstopdf Info: Output file is already uptodate.
<./figs/phantom1properties_clsplt_Rotate-d100-r100-eps-converted-to.pdf, id=883
, 929.4725pt x 569.12625pt>
File: ./figs/phantom1properties_clsplt_Rotate-d100-r100-eps-converted-to.pdf Gr
aphic file (type pdf)
<use ./figs/phantom1properties_clsplt_Rotate-d100-r100-eps-converted-to.pdf>
Package pdftex.def Info: ./figs/phantom1properties_clsplt_Rotate-d100-r100-eps-
converted-to.pdf  used on input line 825.
(pdftex.def)             Requested size: 237.59789pt x 145.47697pt.

LaTeX Font Warning: Command \small invalid in math mode on input line 826.


LaTeX Font Warning: Command \small invalid in math mode on input line 826.

Package epstopdf Info: Source file: <./figs/phantom1properties_clsplt_Rotate-d1
00-r160.eps>
(epstopdf)                    date: 2018-07-06 11:53:08
(epstopdf)                    size: 30191 bytes
(epstopdf)             Output file: <./figs/phantom1properties_clsplt_Rotate-d1
00-r160-eps-converted-to.pdf>
(epstopdf)                    date: 2018-07-06 11:53:08
(epstopdf)                    size: 16529 bytes
(epstopdf)             Command: <epstopdf --outfile=./figs/phantom1properties_c
lsplt_Rotate-d100-r160-eps-converted-to.pdf ./figs/phantom1properties_clsplt_Ro
tate-d100-r160.eps>
(epstopdf)             \includegraphics on input line 831.
Package epstopdf Info: Output file is already uptodate.
<./figs/phantom1properties_clsplt_Rotate-d100-r160-eps-converted-to.pdf, id=884
, 929.4725pt x 569.12625pt>
File: ./figs/phantom1properties_clsplt_Rotate-d100-r160-eps-converted-to.pdf Gr
aphic file (type pdf)
<use ./figs/phantom1properties_clsplt_Rotate-d100-r160-eps-converted-to.pdf>
Package pdftex.def Info: ./figs/phantom1properties_clsplt_Rotate-d100-r160-eps-
converted-to.pdf  used on input line 831.
(pdftex.def)             Requested size: 237.59789pt x 145.47697pt.

LaTeX Font Warning: Command \small invalid in math mode on input line 832.


LaTeX Font Warning: Command \small invalid in math mode on input line 832.

Package epstopdf Info: Source file: <./figs/phantom1properties_clsplt_Rotate-d1
60-r100.eps>
(epstopdf)                    date: 2018-07-06 11:53:08
(epstopdf)                    size: 30189 bytes
(epstopdf)             Output file: <./figs/phantom1properties_clsplt_Rotate-d1
60-r100-eps-converted-to.pdf>
(epstopdf)                    date: 2018-07-06 11:53:08
(epstopdf)                    size: 16503 bytes
(epstopdf)             Command: <epstopdf --outfile=./figs/phantom1properties_c
lsplt_Rotate-d160-r100-eps-converted-to.pdf ./figs/phantom1properties_clsplt_Ro
tate-d160-r100.eps>
(epstopdf)             \includegraphics on input line 839.
Package epstopdf Info: Output file is already uptodate.
<./figs/phantom1properties_clsplt_Rotate-d160-r100-eps-converted-to.pdf, id=885
, 929.4725pt x 569.12625pt>
File: ./figs/phantom1properties_clsplt_Rotate-d160-r100-eps-converted-to.pdf Gr
aphic file (type pdf)
<use ./figs/phantom1properties_clsplt_Rotate-d160-r100-eps-converted-to.pdf>
Package pdftex.def Info: ./figs/phantom1properties_clsplt_Rotate-d160-r100-eps-
converted-to.pdf  used on input line 839.
(pdftex.def)             Requested size: 237.59789pt x 145.47697pt.

LaTeX Font Warning: Command \small invalid in math mode on input line 840.


LaTeX Font Warning: Command \small invalid in math mode on input line 840.

Package epstopdf Info: Source file: <./figs/phantom1properties_clsplt_Rotate-d1
60-r160.eps>
(epstopdf)                    date: 2018-07-06 11:53:08
(epstopdf)                    size: 30197 bytes
(epstopdf)             Output file: <./figs/phantom1properties_clsplt_Rotate-d1
60-r160-eps-converted-to.pdf>
(epstopdf)                    date: 2018-07-06 11:53:08
(epstopdf)                    size: 16494 bytes
(epstopdf)             Command: <epstopdf --outfile=./figs/phantom1properties_c
lsplt_Rotate-d160-r160-eps-converted-to.pdf ./figs/phantom1properties_clsplt_Ro
tate-d160-r160.eps>
(epstopdf)             \includegraphics on input line 845.
Package epstopdf Info: Output file is already uptodate.
<./figs/phantom1properties_clsplt_Rotate-d160-r160-eps-converted-to.pdf, id=886
, 929.4725pt x 569.12625pt>
File: ./figs/phantom1properties_clsplt_Rotate-d160-r160-eps-converted-to.pdf Gr
aphic file (type pdf)
<use ./figs/phantom1properties_clsplt_Rotate-d160-r160-eps-converted-to.pdf>
Package pdftex.def Info: ./figs/phantom1properties_clsplt_Rotate-d160-r160-eps-
converted-to.pdf  used on input line 845.
(pdftex.def)             Requested size: 237.59789pt x 145.47697pt.

LaTeX Font Warning: Command \small invalid in math mode on input line 846.


LaTeX Font Warning: Command \small invalid in math mode on input line 846.

[10] [11 <./figs/phantom1properties_clsplt_Vertical-d6_5-eps-converted-to.pdf> 
<./figs/phantom1properties_clsplt_Vertical-d19_5-eps-converted-to.pdf> <./figs/
phantom1properties_clsplt_Rotate-d100-r100-eps-converted-to.pdf> <./figs/phanto
m1properties_clsplt_Rotate-d100-r160-eps-converted-to.pdf> <./figs/phantom1prop
erties_clsplt_Rotate-d160-r100-eps-converted-to.pdf> <./figs/phantom1properties
_clsplt_Rotate-d160-r160-eps-converted-to.pdf>]

LaTeX Warning: No positions in optional float specifier.
               Default added (so using `tbp') on input line 867.

Package epstopdf Info: Source file: <./figs/phantom2propertiesVertical_na-dist.
eps>
(epstopdf)                    date: 2018-07-06 11:53:08
(epstopdf)                    size: 34054 bytes
(epstopdf)             Output file: <./figs/phantom2propertiesVertical_na-dist-
eps-converted-to.pdf>
(epstopdf)                    date: 2018-07-06 11:53:08
(epstopdf)                    size: 22594 bytes
(epstopdf)             Command: <epstopdf --outfile=./figs/phantom2propertiesVe
rtical_na-dist-eps-converted-to.pdf ./figs/phantom2propertiesVertical_na-dist.e
ps>
(epstopdf)             \includegraphics on input line 869.
Package epstopdf Info: Output file is already uptodate.
<./figs/phantom2propertiesVertical_na-dist-eps-converted-to.pdf, id=1050, 933.4
875pt x 571.13374pt>
File: ./figs/phantom2propertiesVertical_na-dist-eps-converted-to.pdf Graphic fi
le (type pdf)
<use ./figs/phantom2propertiesVertical_na-dist-eps-converted-to.pdf>
Package pdftex.def Info: ./figs/phantom2propertiesVertical_na-dist-eps-converte
d-to.pdf  used on input line 869.
(pdftex.def)             Requested size: 238.96417pt x 146.19928pt.

LaTeX Warning: No positions in optional float specifier.
               Default added (so using `tbp') on input line 903.

Package epstopdf Info: Source file: <./figs/phantom2properties_distfig_Vertical
-d9_5.eps>
(epstopdf)                    date: 2018-07-06 11:53:08
(epstopdf)                    size: 31966 bytes
(epstopdf)             Output file: <./figs/phantom2properties_distfig_Vertical
-d9_5-eps-converted-to.pdf>
(epstopdf)                    date: 2018-07-06 11:53:08
(epstopdf)                    size: 17003 bytes
(epstopdf)             Command: <epstopdf --outfile=./figs/phantom2properties_d
istfig_Vertical-d9_5-eps-converted-to.pdf ./figs/phantom2properties_distfig_Ver
tical-d9_5.eps>
(epstopdf)             \includegraphics on input line 906.
Package epstopdf Info: Output file is already uptodate.
<./figs/phantom2properties_distfig_Vertical-d9_5-eps-converted-to.pdf, id=1051,
 929.4725pt x 569.12625pt>
File: ./figs/phantom2properties_distfig_Vertical-d9_5-eps-converted-to.pdf Grap
hic file (type pdf)
<use ./figs/phantom2properties_distfig_Vertical-d9_5-eps-converted-to.pdf>
Package pdftex.def Info: ./figs/phantom2properties_distfig_Vertical-d9_5-eps-co
nverted-to.pdf  used on input line 906.
(pdftex.def)             Requested size: 238.96417pt x 146.31934pt.

LaTeX Font Warning: Command \small invalid in math mode on input line 907.


LaTeX Font Warning: Command \small invalid in math mode on input line 907.

Package epstopdf Info: Source file: <./figs/phantom2properties_distfig_Vertical
-d15_5.eps>
(epstopdf)                    date: 2018-07-06 11:53:08
(epstopdf)                    size: 32144 bytes
(epstopdf)             Output file: <./figs/phantom2properties_distfig_Vertical
-d15_5-eps-converted-to.pdf>
(epstopdf)                    date: 2018-07-06 11:53:08
(epstopdf)                    size: 16928 bytes
(epstopdf)             Command: <epstopdf --outfile=./figs/phantom2properties_d
istfig_Vertical-d15_5-eps-converted-to.pdf ./figs/phantom2properties_distfig_Ve
rtical-d15_5.eps>
(epstopdf)             \includegraphics on input line 911.
Package epstopdf Info: Output file is already uptodate.
<./figs/phantom2properties_distfig_Vertical-d15_5-eps-converted-to.pdf, id=1052
, 927.465pt x 569.12625pt>
File: ./figs/phantom2properties_distfig_Vertical-d15_5-eps-converted-to.pdf Gra
phic file (type pdf)
<use ./figs/phantom2properties_distfig_Vertical-d15_5-eps-converted-to.pdf>
Package pdftex.def Info: ./figs/phantom2properties_distfig_Vertical-d15_5-eps-c
onverted-to.pdf  used on input line 911.
(pdftex.def)             Requested size: 238.96417pt x 146.63197pt.

LaTeX Font Warning: Command \small invalid in math mode on input line 912.


LaTeX Font Warning: Command \small invalid in math mode on input line 912.


LaTeX Font Warning: Command \tiny invalid in math mode on input line 927.


LaTeX Font Warning: Command \tiny invalid in math mode on input line 927.


Underfull \vbox (badness 10000) has occurred while \output is active []

 [12 <./figs/phantom2propertiesVertical_na-dist-eps-converted-to.pdf> <./figs/p
hantom2properties_distfig_Vertical-d9_5-eps-converted-to.pdf> <./figs/phantom2p
roperties_distfig_Vertical-d15_5-eps-converted-to.pdf>]
Overfull \hbox (1.70291pt too wide) in paragraph at lines 932--934
\OT1/cmr/m/n/10 trol which can best al-low an agent to dif-fer-en-ti-ate among
 []


Overfull \hbox (0.51353pt too wide) in paragraph at lines 932--934
\OT1/cmr/m/n/10 4[]$\OT1/cmr/m/it/10 NA\OT1/cmr/m/n/10 , $3[]$\OT1/cmr/m/it/10 
SD\OT1/cmr/m/n/10 , $3[]$\OT1/cmr/m/it/10 SS\OT1/cmr/m/n/10 , $3[]$\OT1/cmr/m/i
t/10 BS\OT1/cmr/m/n/10 , $3[]$\OT1/cmr/m/it/10 BD\OT1/cmr/m/n/10 . The sen-sori
zed robotic
 []


LaTeX Warning: No positions in optional float specifier.
               Default added (so using `tbp') on input line 947.

Package epstopdf Info: Source file: <./figs/bar_clst_num_change_svm.eps>
(epstopdf)                    date: 2019-03-17 11:03:53
(epstopdf)                    size: 36202 bytes
(epstopdf)             Output file: <./figs/bar_clst_num_change_svm-eps-convert
ed-to.pdf>
(epstopdf)                    date: 2019-03-17 13:26:14
(epstopdf)                    size: 19608 bytes
(epstopdf)             Command: <epstopdf --outfile=./figs/bar_clst_num_change_
svm-eps-converted-to.pdf ./figs/bar_clst_num_change_svm.eps>
(epstopdf)             \includegraphics on input line 949.
Package epstopdf Info: Output file is already uptodate.


pdfTeX warning: pdflatex.exe (file ./figs/bar_clst_num_change_svm-eps-converted
-to.pdf): PDF inclusion: found PDF version <1.7>, but at most version <1.5> all
owed
<./figs/bar_clst_num_change_svm-eps-converted-to.pdf, id=1151, 1292.83pt x 715.
67375pt>
File: ./figs/bar_clst_num_change_svm-eps-converted-to.pdf Graphic file (type pd
f)
<use ./figs/bar_clst_num_change_svm-eps-converted-to.pdf>
Package pdftex.def Info: ./figs/bar_clst_num_change_svm-eps-converted-to.pdf  u
sed on input line 949.
(pdftex.def)             Requested size: 238.96417pt x 132.27744pt.
[13 <./figs/bar_clst_num_change_svm-eps-converted-to.pdf>]
("palpation_manuscript - MARKED.bbl"
Underfull \hbox (badness 1565) in paragraph at lines 13--16
\OT1/cmr/m/n/10 Pressure-controlled pal-pa-tion: a new tech-nique
 []

[14]
Underfull \hbox (badness 1546) in paragraph at lines 88--89
[]\OT1/cmr/m/n/10 McLaughlin ML, Hes-panha JP, Sukhatme GS
 []


Underfull \vbox (badness 10000) has occurred while \output is active []

) [15]
("palpation_manuscript - MARKED.aux")

LaTeX Font Warning: Size substitutions with differences
(Font)              up to 0.5pt have occurred.

 ) 
Here is how much of TeX's memory you used:
 6481 strings out of 492946
 109230 string characters out of 3126710
 203808 words of memory out of 3000000
 10231 multiletter control sequences out of 15000+200000
 12515 words of font info for 45 fonts, out of 3000000 for 9000
 1141 hyphenation exceptions out of 8191
 42i,16n,42p,1060b,670s stack positions out of 5000i,500n,10000p,200000b,50000s
<C:/Users/Luca/AppData/Local/Programs/MiKTeX 2.9/fonts/type1/public/amsfonts/
cm/cmbsy10.pfb><C:/Users/Luca/AppData/Local/Programs/MiKTeX 2.9/fonts/type1/pub
lic/amsfonts/cm/cmbx10.pfb><C:/Users/Luca/AppData/Local/Programs/MiKTeX 2.9/fon
ts/type1/public/amsfonts/cm/cmbx12.pfb><C:/Users/Luca/AppData/Local/Programs/Mi
KTeX 2.9/fonts/type1/public/amsfonts/cm/cmbx7.pfb><C:/Users/Luca/AppData/Local/
Programs/MiKTeX 2.9/fonts/type1/public/amsfonts/cm/cmex10.pfb><C:/Users/Luca/Ap
pData/Local/Programs/MiKTeX 2.9/fonts/type1/public/amsfonts/cmextra/cmex8.pfb><
C:/Users/Luca/AppData/Local/Programs/MiKTeX 2.9/fonts/type1/public/amsfonts/cm/
cmmi10.pfb><C:/Users/Luca/AppData/Local/Programs/MiKTeX 2.9/fonts/type1/public/
amsfonts/cm/cmmi5.pfb><C:/Users/Luca/AppData/Local/Programs/MiKTeX 2.9/fonts/ty
pe1/public/amsfonts/cm/cmmi7.pfb><C:/Users/Luca/AppData/Local/Programs/MiKTeX 2
.9/fonts/type1/public/amsfonts/cm/cmmi8.pfb><C:/Users/Luca/AppData/Local/Progra
ms/MiKTeX 2.9/fonts/type1/public/amsfonts/cm/cmmib10.pfb><C:/Users/Luca/AppData
/Local/Programs/MiKTeX 2.9/fonts/type1/public/amsfonts/cm/cmr10.pfb><C:/Users/L
uca/AppData/Local/Programs/MiKTeX 2.9/fonts/type1/public/amsfonts/cm/cmr5.pfb><
C:/Users/Luca/AppData/Local/Programs/MiKTeX 2.9/fonts/type1/public/amsfonts/cm/
cmr7.pfb><C:/Users/Luca/AppData/Local/Programs/MiKTeX 2.9/fonts/type1/public/am
sfonts/cm/cmr8.pfb><C:/Users/Luca/AppData/Local/Programs/MiKTeX 2.9/fonts/type1
/public/amsfonts/cm/cmsy10.pfb><C:/Users/Luca/AppData/Local/Programs/MiKTeX 2.9
/fonts/type1/public/amsfonts/cm/cmsy5.pfb><C:/Users/Luca/AppData/Local/Programs
/MiKTeX 2.9/fonts/type1/public/amsfonts/cm/cmsy7.pfb><C:/Users/Luca/AppData/Loc
al/Programs/MiKTeX 2.9/fonts/type1/public/amsfonts/cm/cmti10.pfb>
Output written on "palpation_manuscript - MARKED.pdf" (15 pages, 4412976 bytes)
.
PDF statistics:
 1254 PDF objects out of 1440 (max. 8388607)
 0 named destinations out of 1000 (max. 500000)
 176 words of extra memory for PDF output out of 10000 (max. 10000000)

