This is pdfTeX, Version 3.14159265-2.6-1.40.18 (MiKTeX 2.9.6350 64-bit) (preloaded format=pdflatex 2017.10.16)  4 JUN 2018 10:44
entering extended mode
**./interactnlmsample.tex
(interactnlmsample.tex
LaTeX2e <2017-04-15>
Babel <3.10> and hyphenation patterns for 75 language(s) loaded.
(interact.cls
Document Class: interact 2017/07/31 v1.05 Interact LaTeX document class
("C:\Users\ls769\AppData\Local\Programs\MiKTeX 2.9\tex\latex\base\article.cls"
Document Class: article 2014/09/29 v1.4h Standard LaTeX document class
("C:\Users\ls769\AppData\Local\Programs\MiKTeX 2.9\tex\latex\base\size11.clo"
File: size11.clo 2014/09/29 v1.4h Standard LaTeX file (size option)
)
\c@part=\count79
\c@section=\count80
\c@subsection=\count81
\c@subsubsection=\count82
\c@paragraph=\count83
\c@subparagraph=\count84
\c@figure=\count85
\c@table=\count86
\abovecaptionskip=\skip41
\belowcaptionskip=\skip42
\bibindent=\dimen102
)
("C:\Users\ls769\AppData\Local\Programs\MiKTeX 2.9\tex\latex\amsmath\amsmath.st
y"
Package: amsmath 2016/11/05 v2.16a AMS math features
\@mathmargin=\skip43

For additional information on amsmath, use the `?' option.

("C:\Users\ls769\AppData\Local\Programs\MiKTeX 2.9\tex\latex\amsmath\amstext.st
y"
Package: amstext 2000/06/29 v2.01 AMS text

("C:\Users\ls769\AppData\Local\Programs\MiKTeX 2.9\tex\latex\amsmath\amsgen.sty
"
File: amsgen.sty 1999/11/30 v2.0 generic functions
\@emptytoks=\toks14
\ex@=\dimen103
))
("C:\Users\ls769\AppData\Local\Programs\MiKTeX 2.9\tex\latex\amsmath\amsbsy.sty
"
Package: amsbsy 1999/11/29 v1.2d Bold Symbols
\pmbraise@=\dimen104
)
("C:\Users\ls769\AppData\Local\Programs\MiKTeX 2.9\tex\latex\amsmath\amsopn.sty
"
Package: amsopn 2016/03/08 v2.02 operator names
)
\inf@bad=\count87
LaTeX Info: Redefining \frac on input line 213.
\uproot@=\count88
\leftroot@=\count89
LaTeX Info: Redefining \overline on input line 375.
\classnum@=\count90
\DOTSCASE@=\count91
LaTeX Info: Redefining \ldots on input line 472.
LaTeX Info: Redefining \dots on input line 475.
LaTeX Info: Redefining \cdots on input line 596.
\Mathstrutbox@=\box26
\strutbox@=\box27
\big@size=\dimen105
LaTeX Font Info:    Redeclaring font encoding OML on input line 712.
LaTeX Font Info:    Redeclaring font encoding OMS on input line 713.
\macc@depth=\count92
\c@MaxMatrixCols=\count93
\dotsspace@=\muskip10
\c@parentequation=\count94
\dspbrk@lvl=\count95
\tag@help=\toks15
\row@=\count96
\column@=\count97
\maxfields@=\count98
\andhelp@=\toks16
\eqnshift@=\dimen106
\alignsep@=\dimen107
\tagshift@=\dimen108
\tagwidth@=\dimen109
\totwidth@=\dimen110
\lineht@=\dimen111
\@envbody=\toks17
\multlinegap=\skip44
\multlinetaggap=\skip45
\mathdisplay@stack=\toks18
LaTeX Info: Redefining \[ on input line 2817.
LaTeX Info: Redefining \] on input line 2818.
)
("C:\Users\ls769\AppData\Local\Programs\MiKTeX 2.9\tex\latex\amsfonts\amssymb.s
ty"
Package: amssymb 2013/01/14 v3.01 AMS font symbols

("C:\Users\ls769\AppData\Local\Programs\MiKTeX 2.9\tex\latex\amsfonts\amsfonts.
sty"
Package: amsfonts 2013/01/14 v3.01 Basic AMSFonts support
\symAMSa=\mathgroup4
\symAMSb=\mathgroup5
LaTeX Font Info:    Overwriting math alphabet `\mathfrak' in version `bold'
(Font)                  U/euf/m/n --> U/euf/b/n on input line 106.
))
("C:\Users\ls769\AppData\Local\Programs\MiKTeX 2.9\tex\latex\amscls\amsthm.sty"
Package: amsthm 2015/03/04 v2.20.2
\thm@style=\toks19
\thm@bodyfont=\toks20
\thm@headfont=\toks21
\thm@notefont=\toks22
\thm@headpunct=\toks23
\thm@preskip=\skip46
\thm@postskip=\skip47
\thm@headsep=\skip48
\dth@everypar=\toks24
) (booktabs.sty
Package: booktabs 2005/04/14 v1.61803 publication quality tables
\heavyrulewidth=\dimen112
\lightrulewidth=\dimen113
\cmidrulewidth=\dimen114
\belowrulesep=\dimen115
\belowbottomsep=\dimen116
\aboverulesep=\dimen117
\abovetopsep=\dimen118
\cmidrulesep=\dimen119
\cmidrulekern=\dimen120
\defaultaddspace=\dimen121
\@cmidla=\count99
\@cmidlb=\count100
\@aboverulesep=\dimen122
\@belowrulesep=\dimen123
\@thisruleclass=\count101
\@lastruleclass=\count102
\@thisrulewidth=\dimen124
) (epsfig.sty
Package: epsfig 1999/02/16 v1.7a (e)psfig emulation (SPQR)

("C:\Users\ls769\AppData\Local\Programs\MiKTeX 2.9\tex\latex\graphics\graphicx.
sty"
Package: graphicx 2014/10/28 v1.0g Enhanced LaTeX Graphics (DPC,SPQR)

("C:\Users\ls769\AppData\Local\Programs\MiKTeX 2.9\tex\latex\graphics\keyval.st
y"
Package: keyval 2014/10/28 v1.15 key=value parser (DPC)
\KV@toks@=\toks25
)
("C:\Users\ls769\AppData\Local\Programs\MiKTeX 2.9\tex\latex\graphics\graphics.
sty"
Package: graphics 2017/04/14 v1.1b Standard LaTeX Graphics (DPC,SPQR)

("C:\Users\ls769\AppData\Local\Programs\MiKTeX 2.9\tex\latex\graphics\trig.sty"
Package: trig 2016/01/03 v1.10 sin cos tan (DPC)
)
("C:\Users\ls769\AppData\Local\Programs\MiKTeX 2.9\tex\latex\graphics-cfg\graph
ics.cfg"
File: graphics.cfg 2016/06/04 v1.11 sample graphics configuration
)
Package graphics Info: Driver file: pdftex.def on input line 99.

("C:\Users\ls769\AppData\Local\Programs\MiKTeX 2.9\tex\latex\graphics-def\pdfte
x.def"
File: pdftex.def 2017/01/12 v0.06k Graphics/color for pdfTeX

("C:\Users\ls769\AppData\Local\Programs\MiKTeX 2.9\tex\generic\oberdiek\infware
rr.sty"
Package: infwarerr 2016/05/16 v1.4 Providing info/warning/error messages (HO)
)
("C:\Users\ls769\AppData\Local\Programs\MiKTeX 2.9\tex\generic\oberdiek\ltxcmds
.sty"
Package: ltxcmds 2016/05/16 v1.23 LaTeX kernel commands for general use (HO)
)
\Gread@gobject=\count103
))
\Gin@req@height=\dimen125
\Gin@req@width=\dimen126
)
\epsfxsize=\dimen127
\epsfysize=\dimen128
) (rotating.sty
Package: rotating 1997/09/26, v2.13 Rotation package

("C:\Users\ls769\AppData\Local\Programs\MiKTeX 2.9\tex\latex\base\ifthen.sty"
Package: ifthen 2014/09/29 v1.1c Standard LaTeX ifthen package (DPC)
)
\c@r@tfl@t=\count104
\rot@float@box=\box28
)
("C:\Users\ls769\AppData\Local\Programs\MiKTeX 2.9\tex\latex\geometry\geometry.
sty"
Package: geometry 2010/09/12 v5.6 Page Geometry

("C:\Users\ls769\AppData\Local\Programs\MiKTeX 2.9\tex\generic\oberdiek\ifpdf.s
ty"
Package: ifpdf 2017/03/15 v3.2 Provides the ifpdf switch
)
("C:\Users\ls769\AppData\Local\Programs\MiKTeX 2.9\tex\generic\oberdiek\ifvtex.
sty"
Package: ifvtex 2016/05/16 v1.6 Detect VTeX and its facilities (HO)
Package ifvtex Info: VTeX not detected.
)
("C:\Users\ls769\AppData\Local\Programs\MiKTeX 2.9\tex\generic\ifxetex\ifxetex.
sty"
Package: ifxetex 2010/09/12 v0.6 Provides ifxetex conditional
)
\Gm@cnth=\count105
\Gm@cntv=\count106
\c@Gm@tempcnt=\count107
\Gm@bindingoffset=\dimen129
\Gm@wd@mp=\dimen130
\Gm@odd@mp=\dimen131
\Gm@even@mp=\dimen132
\Gm@layoutwidth=\dimen133
\Gm@layoutheight=\dimen134
\Gm@layouthoffset=\dimen135
\Gm@layoutvoffset=\dimen136
\Gm@dimlist=\toks26

("C:\Users\ls769\AppData\Local\Programs\MiKTeX 2.9\tex\latex\geometry\geometry.
cfg"))
\c@mv@upright=\count108
\c@mv@boldupright=\count109
LaTeX Font Info:    Overwriting symbol font `letters' in version `upright'
(Font)                  OML/cmm/m/it --> OML/eur/m/n on input line 163.
LaTeX Font Info:    Overwriting symbol font `letters' in version `boldupright'
(Font)                  OML/cmm/m/it --> OML/eur/b/n on input line 164.
\LabelSep=\dimen137
\TopSep=\skip49
\figheight=\dimen138
\figwidth=\dimen139
\tabledim=\dimen140
)
("C:\Users\ls769\AppData\Local\Programs\MiKTeX 2.9\tex\latex\oberdiek\epstopdf.
sty"
Package: epstopdf 2016/05/15 v2.6 Conversion with epstopdf on the fly (HO)

("C:\Users\ls769\AppData\Local\Programs\MiKTeX 2.9\tex\latex\oberdiek\epstopdf-
base.sty"
Package: epstopdf-base 2016/05/15 v2.6 Base part for package epstopdf

("C:\Users\ls769\AppData\Local\Programs\MiKTeX 2.9\tex\latex\oberdiek\grfext.st
y"
Package: grfext 2016/05/16 v1.2 Manage graphics extensions (HO)

("C:\Users\ls769\AppData\Local\Programs\MiKTeX 2.9\tex\generic\oberdiek\kvdefin
ekeys.sty"
Package: kvdefinekeys 2016/05/16 v1.4 Define keys (HO)
))
("C:\Users\ls769\AppData\Local\Programs\MiKTeX 2.9\tex\latex\oberdiek\kvoptions
.sty"
Package: kvoptions 2016/05/16 v3.12 Key value format for package options (HO)

("C:\Users\ls769\AppData\Local\Programs\MiKTeX 2.9\tex\generic\oberdiek\kvsetke
ys.sty"
Package: kvsetkeys 2016/05/16 v1.17 Key value parser (HO)

("C:\Users\ls769\AppData\Local\Programs\MiKTeX 2.9\tex\generic\oberdiek\etexcmd
s.sty"
Package: etexcmds 2016/05/16 v1.6 Avoid name clashes with e-TeX commands (HO)

("C:\Users\ls769\AppData\Local\Programs\MiKTeX 2.9\tex\generic\oberdiek\ifluate
x.sty"
Package: ifluatex 2016/05/16 v1.4 Provides the ifluatex switch (HO)
Package ifluatex Info: LuaTeX not detected.
)
Package etexcmds Info: Could not find \expanded.
(etexcmds)             That can mean that you are not using pdfTeX 1.50 or
(etexcmds)             that some package has redefined \expanded.
(etexcmds)             In the latter case, load this package earlier.
)))
("C:\Users\ls769\AppData\Local\Programs\MiKTeX 2.9\tex\generic\oberdiek\pdftexc
mds.sty"
Package: pdftexcmds 2017/03/19 v0.25 Utility functions of pdfTeX for LuaTeX (HO
)
Package pdftexcmds Info: LuaTeX not detected.
Package pdftexcmds Info: \pdf@primitive is available.
Package pdftexcmds Info: \pdf@ifprimitive is available.
Package pdftexcmds Info: \pdfdraftmode found.
)
Package epstopdf-base Info: Redefining graphics rule for `.eps' on input line 4
38.
Package grfext Info: Graphics extension search list:
(grfext)             [.png,.pdf,.jpg,.mps,.jpeg,.jbig2,.jb2,.PNG,.PDF,.JPG,.JPE
G,.JBIG2,.JB2,.eps]
(grfext)             \AppendGraphicsExtensions on input line 456.
))
("C:\Users\ls769\AppData\Local\Programs\MiKTeX 2.9\tex\latex\cite\cite.sty"
LaTeX Info: Redefining \cite on input line 302.
LaTeX Info: Redefining \nocite on input line 332.
Package: cite 2015/02/27  v 5.5
)
("C:\Users\ls769\AppData\Local\Programs\MiKTeX 2.9\tex\latex\tools\array.sty"
Package: array 2016/10/06 v2.4d Tabular extension package (FMi)
\col@sep=\dimen141
\extrarowheight=\dimen142
\NC@list=\toks27
\extratabsurround=\skip50
\backup@length=\skip51
)
("C:\Users\ls769\AppData\Local\Programs\MiKTeX 2.9\tex\latex\float\float.sty"
Package: float 2001/11/08 v1.3d Float enhancements (AL)
\c@float@type=\count110
\float@exts=\toks28
\float@box=\box29
\@float@everytoks=\toks29
\@floatcapt=\box30
)
("C:\Users\ls769\AppData\Local\Programs\MiKTeX 2.9\tex\latex\caption\caption.st
y"
Package: caption 2016/02/21 v3.3-144 Customizing captions (AR)

("C:\Users\ls769\AppData\Local\Programs\MiKTeX 2.9\tex\latex\caption\caption3.s
ty"
Package: caption3 2016/05/22 v1.7-166 caption3 kernel (AR)
Package caption3 Info: TeX engine: e-TeX on input line 67.
\captionmargin=\dimen143
\captionmargin@=\dimen144
\captionwidth=\dimen145
\caption@tempdima=\dimen146
\caption@indent=\dimen147
\caption@parindent=\dimen148
\caption@hangindent=\dimen149
Package caption Info: Unknown document class (or package),
(caption)             standard defaults will be used.
)

Package caption Warning: Unsupported document class (or package) detected,
(caption)                usage of the caption package is not recommended.
See the caption package documentation for explanation.

Package caption Info: \@makecaption = \long macro:#1#2->\ifx \FigName \@captype
 \vskip \abovecaptionskip \setbox \@tempboxa \hbox {\figcaptionfont {\fignumfon
t #1}\hskip 4pt#2}\ifdim \wd \@tempboxa >\hsize {\figcaptionfont \noindent {\fi
gnumfont #1}\hskip 7pt\ignorespaces #2\par }\else \global \@minipagefalse \hb@x
t@ \hsize {\hfil \box \@tempboxa \hfil }\fi \else {\tablecaptionfont {\tablenum
font #1}\hskip 7pt\ignorespaces {#2}\par }\vskip \belowcaptionskip \fi .
\c@ContinuedFloat=\count111
Package caption Info: float package is loaded.
Package caption Info: rotating package is loaded.
)
("C:\Users\ls769\AppData\Local\Programs\MiKTeX 2.9\tex\latex\caption\subcaption
.sty"
Package: subcaption 2016/05/22 v1.1-161 Sub-captions (AR)
\c@subfigure=\count112
\c@subtable=\count113
)
("C:\Users\ls769\AppData\Local\Programs\MiKTeX 2.9\tex\latex\overpic\overpic.st
y"
Package: overpic 2017/10/06 1.0 picture overlays
 ("C:\Users\ls769\AppData\Local\Programs\MiKTeX 2.9\tex\latex\eepic\epic.sty"
Enhancements to Picture Environment. Version 1.2 - Released June 1, 1986
\@@multicnt=\count114
\d@lta=\count115
\@delta=\dimen150
\@@delta=\dimen151
\@gridcnt=\count116
\@joinkind=\count117
\@dotgap=\dimen152
\@ddotgap=\dimen153
\@x@diff=\count118
\@y@diff=\count119
\x@diff=\dimen154
\y@diff=\dimen155
\@dotbox=\box31
\num@segments=\count120
\num@segmentsi=\count121
\@datafile=\read1
)) ("C:\Users\ls769\AppData\Local\Programs\MiKTeX 2.9\tex\latex\ulem\ulem.sty"
\UL@box=\box32
\UL@hyphenbox=\box33
\UL@skip=\skip52
\UL@hook=\toks30
\UL@height=\dimen156
\UL@pe=\count122
\UL@pixel=\dimen157
\ULC@box=\box34
Package: ulem 2012/05/18
\ULdepth=\dimen158
) ("C:\Users\ls769\AppData\Local\Programs\MiKTeX 2.9\tex\latex\graphics\color.s
ty"
Package: color 2016/07/10 v1.1e Standard LaTeX Color (DPC)

("C:\Users\ls769\AppData\Local\Programs\MiKTeX 2.9\tex\latex\graphics-cfg\color
.cfg"
File: color.cfg 2016/01/02 v1.6 sample color configuration
)
Package color Info: Driver file: pdftex.def on input line 147.
)
("C:\Users\ls769\AppData\Local\Programs\MiKTeX 2.9\tex\latex\soul\soul.sty"
Package: soul 2003/11/17 v2.4 letterspacing/underlining (mf)
\SOUL@word=\toks31
\SOUL@lasttoken=\toks32
\SOUL@cmds=\toks33
\SOUL@buffer=\toks34
\SOUL@token=\toks35
\SOUL@spaceskip=\skip53
\SOUL@ttwidth=\dimen159
\SOUL@uldp=\dimen160
\SOUL@ulht=\dimen161
)
(natbib.sty
Package: natbib 2010/09/13 8.31b (PWD, AO)


Package natbib Warning: The `cite' package should not be used
(natbib)                with natbib. Use option `sort' instead.

\bibhang=\skip54
\bibsep=\skip55
LaTeX Info: Redefining \cite on input line 694.
LaTeX Info: Redefining \citenum on input line 708.
\c@NAT@ctr=\count123
)
\c@theorem=\count124
\c@remark=\count125
\c@notation=\count126
 (interactnlmsample.aux)
\openout1 = `interactnlmsample.aux'.

LaTeX Font Info:    Checking defaults for OML/cmm/m/it on input line 52.
LaTeX Font Info:    ... okay on input line 52.
LaTeX Font Info:    Checking defaults for T1/cmr/m/n on input line 52.
LaTeX Font Info:    ... okay on input line 52.
LaTeX Font Info:    Checking defaults for OT1/cmr/m/n on input line 52.
LaTeX Font Info:    ... okay on input line 52.
LaTeX Font Info:    Checking defaults for OMS/cmsy/m/n on input line 52.
LaTeX Font Info:    ... okay on input line 52.
LaTeX Font Info:    Checking defaults for OMX/cmex/m/n on input line 52.
LaTeX Font Info:    ... okay on input line 52.
LaTeX Font Info:    Checking defaults for U/cmr/m/n on input line 52.
LaTeX Font Info:    ... okay on input line 52.

("C:\Users\ls769\AppData\Local\Programs\MiKTeX 2.9\tex\context\base\supp-pdf.mk
ii"
[Loading MPS to PDF converter (version 2006.09.02).]
\scratchcounter=\count127
\scratchdimen=\dimen162
\scratchbox=\box35
\nofMPsegments=\count128
\nofMParguments=\count129
\everyMPshowfont=\toks36
\MPscratchCnt=\count130
\MPscratchDim=\dimen163
\MPnumerator=\count131
\makeMPintoPDFobject=\count132
\everyMPtoPDFconversion=\toks37
)
*geometry* driver: auto-detecting
*geometry* detected driver: pdftex
*geometry* verbose mode - [ preamble ] result:
* driver: pdftex
* paper: <default>
* layout: <same size as paper>
* layoutoffset:(h,v)=(0.0pt,0.0pt)
* modes: 
* h-part:(L,W,R)=(94.75394pt, 408.0pt, 94.75394pt)
* v-part:(T,H,B)=(78.01874pt, 650.0pt, 117.0281pt)
* \paperwidth=597.50787pt
* \paperheight=845.04684pt
* \textwidth=408.0pt
* \textheight=650.0pt
* \oddsidemargin=22.48395pt
* \evensidemargin=22.48395pt
* \topmargin=-31.25125pt
* \headheight=12.0pt
* \headsep=25.0pt
* \topskip=11.0pt
* \footskip=30.0pt
* \marginparwidth=50.0pt
* \marginparsep=10.0pt
* \columnsep=12.0pt
* \skip\footins=10.0pt plus 4.0pt minus 2.0pt
* \hoffset=0.0pt
* \voffset=0.0pt
* \mag=1000
* \@twocolumnfalse
* \@twosidefalse
* \@mparswitchfalse
* \@reversemarginfalse
* (1in=72.27pt=25.4mm, 1cm=28.453pt)

Package caption Info: Begin \AtBeginDocument code.
Package caption Info: Incompatible package detected (regarding \@caption).
(caption)             \@caption = \long macro:#1[#2]#3->\par \begingroup \@parb
oxrestore \normalsize \@makecaption {\csname fnum@#1\endcsname }{\ignorespaces 
#3}\par \endgroup .

Package caption Warning: Forced redefinition of \caption since the
(caption)                unsupported(!) package option `compatibility=false'
(caption)                was given.
See the caption package documentation for explanation.

Package caption Info: End \AtBeginDocument code.

LaTeX Font Warning: Font shape `OT1/cmr/m/n' in size <13> not available
(Font)              size <12> substituted on input line 71.


LaTeX Font Warning: Font shape `OT1/cmr/bx/n' in size <13> not available
(Font)              size <12> substituted on input line 71.

LaTeX Font Info:    Calculating math sizes for size <11> on input line 71.

LaTeX Font Warning: Font shape `OT1/cmr/m/n' in size <5.5> not available
(Font)              size <5> substituted on input line 71.


LaTeX Font Warning: Font shape `OML/cmm/m/it' in size <5.5> not available
(Font)              size <5> substituted on input line 71.


LaTeX Font Warning: Font shape `OMS/cmsy/m/n' in size <5.5> not available
(Font)              size <5> substituted on input line 71.

LaTeX Font Info:    Try loading font information for U+msa on input line 71.
("C:\Users\ls769\AppData\Local\Programs\MiKTeX 2.9\tex\latex\amsfonts\umsa.fd"
File: umsa.fd 2013/01/14 v3.01 AMS symbols A
)
LaTeX Font Info:    Try loading font information for U+msb on input line 71.
("C:\Users\ls769\AppData\Local\Programs\MiKTeX 2.9\tex\latex\amsfonts\umsb.fd"
File: umsb.fd 2013/01/14 v3.01 AMS symbols B
) [1



{C:/Users/ls769/AppData/Local/MiKTeX/2.9/pdftex/config/pdftex.map}]

LaTeX Warning: No positions in optional float specifier.
               Default added (so using `tbp') on input line 182.

<./figs/conceptual_framework.pdf, id=11, 445.665pt x 194.7275pt>
File: ./figs/conceptual_framework.pdf Graphic file (type pdf)

<use ./figs/conceptual_framework.pdf>
Package pdftex.def Info: ./figs/conceptual_framework.pdf used on input line 184
.
(pdftex.def)             Requested size: 285.59875pt x 124.78857pt.
 [2 <./figs/conceptual_framework.pdf

pdfTeX warning: pdflatex.exe (file ./figs/conceptual_framework.pdf): PDF inclus
ion: invalid other resource which is no dict (key 'ProcSets', type <array>); ig
nored.
>]

LaTeX Font Warning: Font shape `OT1/cmr/bx/n' in size <5.5> not available
(Font)              size <5> substituted on input line 226.

[3]

LaTeX Warning: No positions in optional float specifier.
               Default added (so using `tbp') on input line 264.

<./figs/motion_primitive_preprocessing.pdf, id=51, 788.9475pt x 379.4175pt>
File: ./figs/motion_primitive_preprocessing.pdf Graphic file (type pdf)

<use ./figs/motion_primitive_preprocessing.pdf>
Package pdftex.def Info: ./figs/motion_primitive_preprocessing.pdf used on inpu
t line 266.
(pdftex.def)             Requested size: 367.19751pt x 176.58942pt.
 [4 <./figs/motion_primitive_preprocessing.pdf

pdfTeX warning: pdflatex.exe (file ./figs/motion_primitive_preprocessing.pdf): 
PDF inclusion: invalid other resource which is no dict (key 'ProcSets', type <a
rray>); ignored.
>]

LaTeX Warning: No positions in optional float specifier.
               Default added (so using `tbp') on input line 300.

<./figs/set_up.pdf, id=201, 1764.5925pt x 1831.84375pt>
File: ./figs/set_up.pdf Graphic file (type pdf)

<use ./figs/set_up.pdf>
Package pdftex.def Info: ./figs/set_up.pdf used on input line 304.
(pdftex.def)             Requested size: 257.04199pt x 266.82643pt.

<./figs/phantom.jpg, id=202, 1608.0075pt x 1617.04124pt>
File: ./figs/phantom.jpg Graphic file (type jpg)

<use ./figs/phantom.jpg>
Package pdftex.def Info: ./figs/phantom.jpg used on input line 313.
(pdftex.def)             Requested size: 122.40125pt x 123.07407pt.
 <./figs/ph2.jpg, id=203, 2252.415pt x 2214.2725pt>
File: ./figs/ph2.jpg Graphic file (type jpg)

<use ./figs/ph2.jpg>
Package pdftex.def Info: ./figs/ph2.jpg used on input line 322.
(pdftex.def)             Requested size: 122.40125pt x 120.31563pt.
 <./figs/phsidenew.pdf, id=204, 804.36508pt x 411.939pt>
File: ./figs/phsidenew.pdf Graphic file (type pdf)

<use ./figs/phsidenew.pdf>
Package pdftex.def Info: ./figs/phsidenew.pdf used on input line 332.
(pdftex.def)             Requested size: 244.80249pt x 125.36777pt.

<./figs/phlocations.pdf, id=205, 539.85693pt x 396.7623pt>
File: ./figs/phlocations.pdf Graphic file (type pdf)

<use ./figs/phlocations.pdf>
Package pdftex.def Info: ./figs/phlocations.pdf used on input line 339.
(pdftex.def)             Requested size: 163.19751pt x 119.93771pt.

Overfull \hbox (2.43333pt too wide) in paragraph at lines 330--343
[][] [] 
 []

[5 <./figs/set_up.pdf

pdfTeX warning: pdflatex.exe (file ./figs/set_up.pdf): PDF inclusion: invalid o
ther resource which is no dict (key 'ProcSets', type <array>); ignored.
> <./figs/phantom.jpg> <./figs/ph2.jpg> <./figs/phsidenew.pdf> <./figs/phlocati
ons.pdf

pdfTeX warning: pdflatex.exe (file ./figs/phlocations.pdf): PDF inclusion: mult
iple pdfs with page group included in a single page
>]

LaTeX Warning: No positions in optional float specifier.
               Default added (so using `tbp') on input line 400.

<./figs/Presentationarchitecture.png, id=231, 457.71pt x 234.1548pt>
File: ./figs/Presentationarchitecture.png Graphic file (type png)

<use ./figs/Presentationarchitecture.png>
Package pdftex.def Info: ./figs/Presentationarchitecture.png used on input line
 404.
(pdftex.def)             Requested size: 220.31726pt x 112.71101pt.

<./figs/probefreccia.pdf, id=233, 461.80528pt x 542.025pt>
File: ./figs/probefreccia.pdf Graphic file (type pdf)

<use ./figs/probefreccia.pdf>
Package pdftex.def Info: ./figs/probefreccia.pdf used on input line 410.
(pdftex.def)             Requested size: 89.7605pt x 105.35121pt.
 [6]

LaTeX Warning: No positions in optional float specifier.
               Default added (so using `tbp') on input line 468.

<./figs/motion_diagram.pdf, id=238, 702.625pt x 557.08125pt>
File: ./figs/motion_diagram.pdf Graphic file (type pdf)

<use ./figs/motion_diagram.pdf>
Package pdftex.def Info: ./figs/motion_diagram.pdf used on input line 470.
(pdftex.def)             Requested size: 261.11975pt x 207.03487pt.
 [7 <./figs/Presentationarchitecture.png> <./figs/probefreccia.pdf>]

LaTeX Warning: No positions in optional float specifier.
               Default added (so using `tbp') on input line 506.

<./figs/nabd_rawdataf_Vertical-d6_5.jpg, id=250, 931.5603pt x 312.2064pt>
File: ./figs/nabd_rawdataf_Vertical-d6_5.jpg Graphic file (type jpg)

<use ./figs/nabd_rawdataf_Vertical-d6_5.jpg>
Package pdftex.def Info: ./figs/nabd_rawdataf_Vertical-d6_5.jpg used on input l
ine 509.
(pdftex.def)             Requested size: 197.88025pt x 66.31796pt.


LaTeX Font Warning: Command \tiny invalid in math mode on input line 510.


LaTeX Font Warning: Command \tiny invalid in math mode on input line 510.

<./figs/nabd_rawdataf_Vertical-d19_5.jpg, id=251, 931.5603pt x 312.2064pt>
File: ./figs/nabd_rawdataf_Vertical-d19_5.jpg Graphic file (type jpg)

<use ./figs/nabd_rawdataf_Vertical-d19_5.jpg>
Package pdftex.def Info: ./figs/nabd_rawdataf_Vertical-d19_5.jpg used on input 
line 515.
(pdftex.def)             Requested size: 197.88025pt x 66.31796pt.


LaTeX Font Warning: Command \tiny invalid in math mode on input line 516.


LaTeX Font Warning: Command \tiny invalid in math mode on input line 516.

[8 <./figs/motion_diagram.pdf

pdfTeX warning: pdflatex.exe (file ./figs/motion_diagram.pdf): PDF inclusion: i
nvalid other resource which is no dict (key 'ProcSets', type <array>); ignored.

>]

LaTeX Warning: No positions in optional float specifier.
               Default added (so using `tbp') on input line 534.


<./figs/phantom2properties_pcafig_Vertical-d14_5.jpg, id=281, 931.5603pt x 570.
933pt>
File: ./figs/phantom2properties_pcafig_Vertical-d14_5.jpg Graphic file (type jp
g)
 <use ./figs/phantom2properties_pcafig_Vertical-d14_5.jpg>
Package pdftex.def Info: ./figs/phantom2properties_pcafig_Vertical-d14_5.jpg us
ed on input line 537.
(pdftex.def)             Requested size: 191.7605pt x 117.52116pt.


LaTeX Font Warning: Command \tiny invalid in math mode on input line 538.


LaTeX Font Warning: Command \tiny invalid in math mode on input line 538.


<./figs/phantom2properties3-12-13-21-42-24-31-31-2_pcafig_Rotate-d190-r120.jpg,
 id=282, 931.5603pt x 570.933pt>
File: ./figs/phantom2properties3-12-13-21-42-24-31-31-2_pcafig_Rotate-d190-r120
.jpg Graphic file (type jpg)

<use ./figs/phantom2properties3-12-13-21-42-24-31-31-2_pcafig_Rotate-d190-r120.
jpg>
Package pdftex.def Info: ./figs/phantom2properties3-12-13-21-42-24-31-31-2_pcaf
ig_Rotate-d190-r120.jpg used on input line 543.
(pdftex.def)             Requested size: 191.7605pt x 117.52116pt.


LaTeX Font Warning: Command \tiny invalid in math mode on input line 544.


LaTeX Font Warning: Command \tiny invalid in math mode on input line 544.

[9 <./figs/nabd_rawdataf_Vertical-d6_5.jpg> <./figs/nabd_rawdataf_Vertical-d19_
5.jpg> <./figs/phantom2properties_pcafig_Vertical-d14_5.jpg> <./figs/phantom2pr
operties3-12-13-21-42-24-31-31-2_pcafig_Rotate-d190-r120.jpg>]

LaTeX Warning: No positions in optional float specifier.
               Default added (so using `tbp') on input line 575.


<./figs/explained_variance_vertical_quantity.jpg, id=287, 931.5603pt x 570.933p
t>
File: ./figs/explained_variance_vertical_quantity.jpg Graphic file (type jpg)
 <use ./figs/explained_variance_vertical_quantity.jpg>
Package pdftex.def Info: ./figs/explained_variance_vertical_quantity.jpg used o
n input line 578.
(pdftex.def)             Requested size: 195.83826pt x 120.02142pt.

<./figs/explained_variance_rotation_quantity.jpg, id=288, 931.5603pt x 570.933p
t>
File: ./figs/explained_variance_rotation_quantity.jpg Graphic file (type jpg)
 <use ./figs/explained_variance_rotation_quantity.jpg>
Package pdftex.def Info: ./figs/explained_variance_rotation_quantity.jpg used o
n input line 583.
(pdftex.def)             Requested size: 195.83826pt x 120.02142pt.


LaTeX Warning: No positions in optional float specifier.
               Default added (so using `tbp') on input line 593.


<./figs/explained_variance_vertical_quality.jpg, id=289, 931.5603pt x 570.933pt
>
File: ./figs/explained_variance_vertical_quality.jpg Graphic file (type jpg)
 <use ./figs/explained_variance_vertical_quality.jpg>
Package pdftex.def Info: ./figs/explained_variance_vertical_quality.jpg used on
 input line 596.
(pdftex.def)             Requested size: 195.83826pt x 120.02142pt.

<./figs/explained_variance_rotation_quality.jpg, id=290, 931.5603pt x 570.2103p
t>
File: ./figs/explained_variance_rotation_quality.jpg Graphic file (type jpg)
 <use ./figs/explained_variance_rotation_quality.jpg>
Package pdftex.def Info: ./figs/explained_variance_rotation_quality.jpg used on
 input line 601.
(pdftex.def)             Requested size: 195.83826pt x 119.8695pt.
 [10 <./figs/explained_variance_vertical_quantity.jpg> <./figs/explained_varian
ce_rotation_quantity.jpg> <./figs/explained_variance_vertical_quality.jpg> <./f
igs/explained_variance_rotation_quality.jpg>]

LaTeX Warning: No positions in optional float specifier.
               Default added (so using `tbp') on input line 640.

<./figs/flow.jpg, id=294, 931.5603pt x 570.933pt>
File: ./figs/flow.jpg Graphic file (type jpg)
 <use ./figs/flow.jpg>
Package pdftex.def Info: ./figs/flow.jpg used on input line 642.
(pdftex.def)             Requested size: 285.59875pt x 175.03596pt.


LaTeX Font Warning: Command \tiny invalid in math mode on input line 663.


LaTeX Font Warning: Command \tiny invalid in math mode on input line 663.

[11 <./figs/flow.jpg>]

LaTeX Warning: No positions in optional float specifier.
               Default added (so using `tbp') on input line 666.


<./figs/silhouette_coefficient_vertical_quantity.jpg, id=298, 931.5603pt x 570.
933pt>
File: ./figs/silhouette_coefficient_vertical_quantity.jpg Graphic file (type jp
g)
 <use ./figs/silhouette_coefficient_vertical_quantity.jpg>
Package pdftex.def Info: ./figs/silhouette_coefficient_vertical_quantity.jpg us
ed on input line 669.
(pdftex.def)             Requested size: 195.83826pt x 120.02142pt.

<./figs/silhouette_coefficient_rotation_quantity.jpg, id=299, 931.5603pt x 570.
933pt>
File: ./figs/silhouette_coefficient_rotation_quantity.jpg Graphic file (type jp
g)
 <use ./figs/silhouette_coefficient_rotation_quantity.jpg>
Package pdftex.def Info: ./figs/silhouette_coefficient_rotation_quantity.jpg us
ed on input line 674.
(pdftex.def)             Requested size: 195.83826pt x 120.02142pt.


LaTeX Warning: No positions in optional float specifier.
               Default added (so using `tbp') on input line 683.


<./figs/silhouette_coefficient_vertical_quality.jpg, id=300, 931.5603pt x 570.9
33pt>
File: ./figs/silhouette_coefficient_vertical_quality.jpg Graphic file (type jpg
)
 <use ./figs/silhouette_coefficient_vertical_quality.jpg>
Package pdftex.def Info: ./figs/silhouette_coefficient_vertical_quality.jpg use
d on input line 686.
(pdftex.def)             Requested size: 195.83826pt x 120.02142pt.

<./figs/silhouette_coefficient_rotation_quality.jpg, id=301, 931.5603pt x 570.9
33pt>
File: ./figs/silhouette_coefficient_rotation_quality.jpg Graphic file (type jpg
)
 <use ./figs/silhouette_coefficient_rotation_quality.jpg>
Package pdftex.def Info: ./figs/silhouette_coefficient_rotation_quality.jpg use
d on input line 691.
(pdftex.def)             Requested size: 195.83826pt x 120.02142pt.


LaTeX Warning: No positions in optional float specifier.
               Default added (so using `tbp') on input line 701.

<./figs/bar_clst_num_change.jpg, id=302, 1293.633pt x 714.7503pt>
File: ./figs/bar_clst_num_change.jpg Graphic file (type jpg)

<use ./figs/bar_clst_num_change.jpg>
Package pdftex.def Info: ./figs/bar_clst_num_change.jpg used on input line 703.

(pdftex.def)             Requested size: 318.2395pt x 175.82971pt.
 [12 <./figs/silhouette_coefficient_vertical_quantity.jpg> <./figs/silhouette_c
oefficient_rotation_quantity.jpg> <./figs/silhouette_coefficient_vertical_quali
ty.jpg> <./figs/silhouette_coefficient_rotation_quality.jpg>]

LaTeX Warning: No positions in optional float specifier.
               Default added (so using `tbp') on input line 743.


<./figs/phantom1properties_clsplt_Vertical-d6_5.jpg, id=306, 931.5603pt x 570.9
33pt>
File: ./figs/phantom1properties_clsplt_Vertical-d6_5.jpg Graphic file (type jpg
)
 <use ./figs/phantom1properties_clsplt_Vertical-d6_5.jpg>
Package pdftex.def Info: ./figs/phantom1properties_clsplt_Vertical-d6_5.jpg use
d on input line 746.
(pdftex.def)             Requested size: 195.83826pt x 120.02142pt.


LaTeX Font Warning: Command \tiny invalid in math mode on input line 747.


LaTeX Font Warning: Command \tiny invalid in math mode on input line 747.


<./figs/phantom1properties_clsplt_Vertical-d19_5.jpg, id=307, 931.5603pt x 570.
933pt>
File: ./figs/phantom1properties_clsplt_Vertical-d19_5.jpg Graphic file (type jp
g)
 <use ./figs/phantom1properties_clsplt_Vertical-d19_5.jpg>
Package pdftex.def Info: ./figs/phantom1properties_clsplt_Vertical-d19_5.jpg us
ed on input line 752.
(pdftex.def)             Requested size: 195.83826pt x 120.02142pt.


LaTeX Font Warning: Command \tiny invalid in math mode on input line 753.


LaTeX Font Warning: Command \tiny invalid in math mode on input line 753.

[13 <./figs/bar_clst_num_change.jpg>]

LaTeX Font Warning: Command \tiny invalid in math mode on input line 786.


LaTeX Font Warning: Command \tiny invalid in math mode on input line 787.

[14 <./figs/phantom1properties_clsplt_Vertical-d6_5.jpg> <./figs/phantom1proper
ties_clsplt_Vertical-d19_5.jpg>]

LaTeX Warning: No positions in optional float specifier.
               Default added (so using `tbp') on input line 807.


<./figs/phantom1properties_clsplt_Rotate-d100-r100.jpg, id=315, 931.5603pt x 57
0.933pt>
File: ./figs/phantom1properties_clsplt_Rotate-d100-r100.jpg Graphic file (type 
jpg)
 <use ./figs/phantom1properties_clsplt_Rotate-d100-r100.jpg>
Package pdftex.def Info: ./figs/phantom1properties_clsplt_Rotate-d100-r100.jpg 
used on input line 811.
(pdftex.def)             Requested size: 195.83826pt x 120.02142pt.


LaTeX Font Warning: Command \tiny invalid in math mode on input line 812.


LaTeX Font Warning: Command \tiny invalid in math mode on input line 812.


<./figs/phantom1properties_clsplt_Rotate-d100-r160.jpg, id=316, 931.5603pt x 57
0.933pt>
File: ./figs/phantom1properties_clsplt_Rotate-d100-r160.jpg Graphic file (type 
jpg)
 <use ./figs/phantom1properties_clsplt_Rotate-d100-r160.jpg>
Package pdftex.def Info: ./figs/phantom1properties_clsplt_Rotate-d100-r160.jpg 
used on input line 817.
(pdftex.def)             Requested size: 195.83826pt x 120.02142pt.


LaTeX Font Warning: Command \tiny invalid in math mode on input line 818.


LaTeX Font Warning: Command \tiny invalid in math mode on input line 818.


<./figs/phantom1properties_clsplt_Rotate-d160-r100.jpg, id=317, 931.5603pt x 57
0.933pt>
File: ./figs/phantom1properties_clsplt_Rotate-d160-r100.jpg Graphic file (type 
jpg)
 <use ./figs/phantom1properties_clsplt_Rotate-d160-r100.jpg>
Package pdftex.def Info: ./figs/phantom1properties_clsplt_Rotate-d160-r100.jpg 
used on input line 825.
(pdftex.def)             Requested size: 195.83826pt x 120.02142pt.


LaTeX Font Warning: Command \tiny invalid in math mode on input line 826.


LaTeX Font Warning: Command \tiny invalid in math mode on input line 826.


<./figs/phantom1properties_clsplt_Rotate-d160-r160.jpg, id=318, 931.5603pt x 57
0.933pt>
File: ./figs/phantom1properties_clsplt_Rotate-d160-r160.jpg Graphic file (type 
jpg)
 <use ./figs/phantom1properties_clsplt_Rotate-d160-r160.jpg>
Package pdftex.def Info: ./figs/phantom1properties_clsplt_Rotate-d160-r160.jpg 
used on input line 831.
(pdftex.def)             Requested size: 195.83826pt x 120.02142pt.


LaTeX Font Warning: Command \tiny invalid in math mode on input line 832.


LaTeX Font Warning: Command \tiny invalid in math mode on input line 832.

[15 <./figs/phantom1properties_clsplt_Rotate-d100-r100.jpg> <./figs/phantom1pro
perties_clsplt_Rotate-d100-r160.jpg> <./figs/phantom1properties_clsplt_Rotate-d
160-r100.jpg> <./figs/phantom1properties_clsplt_Rotate-d160-r160.jpg>]

LaTeX Warning: No positions in optional float specifier.
               Default added (so using `tbp') on input line 880.


<./figs/phantom2propertiesVertical_na-dist.jpg, id=323, 931.5603pt x 570.933pt>
File: ./figs/phantom2propertiesVertical_na-dist.jpg Graphic file (type jpg)
<use ./figs/phantom2propertiesVertical_na-dist.jpg>
Package pdftex.def Info: ./figs/phantom2propertiesVertical_na-dist.jpg used on 
input line 882.
(pdftex.def)             Requested size: 306.0pt x 187.546pt.


LaTeX Warning: No positions in optional float specifier.
               Default added (so using `tbp') on input line 889.


<./figs/phantom2properties_distfig_Vertical-d9_5.jpg, id=324, 931.5603pt x 570.
933pt>
File: ./figs/phantom2properties_distfig_Vertical-d9_5.jpg Graphic file (type jp
g)
 <use ./figs/phantom2properties_distfig_Vertical-d9_5.jpg>
Package pdftex.def Info: ./figs/phantom2properties_distfig_Vertical-d9_5.jpg us
ed on input line 892.
(pdftex.def)             Requested size: 195.83826pt x 120.02142pt.


LaTeX Font Warning: Command \tiny invalid in math mode on input line 893.


LaTeX Font Warning: Command \tiny invalid in math mode on input line 893.


<./figs/phantom2properties_distfig_Vertical-d15_5.jpg, id=325, 930.1149pt x 570
.933pt>
File: ./figs/phantom2properties_distfig_Vertical-d15_5.jpg Graphic file (type j
pg)
 <use ./figs/phantom2properties_distfig_Vertical-d15_5.jpg>
Package pdftex.def Info: ./figs/phantom2properties_distfig_Vertical-d15_5.jpg u
sed on input line 897.
(pdftex.def)             Requested size: 195.83826pt x 120.20438pt.


LaTeX Font Warning: Command \tiny invalid in math mode on input line 898.


LaTeX Font Warning: Command \tiny invalid in math mode on input line 898.


LaTeX Font Warning: Command \tiny invalid in math mode on input line 913.


LaTeX Font Warning: Command \tiny invalid in math mode on input line 913.

[16 <./figs/phantom2propertiesVertical_na-dist.jpg>] [17 <./figs/phantom2proper
ties_distfig_Vertical-d9_5.jpg> <./figs/phantom2properties_distfig_Vertical-d15
_5.jpg>] (interactnlmsample.bbl [18]
Missing character: There is no â in font cmr10!
Missing character: There is no € in font cmr10!
Missing character: There is no ” in font cmr10!
) [19] (interactnlmsample.aux)

LaTeX Font Warning: Size substitutions with differences
(Font)              up to 1.0pt have occurred.

 ) 
Here is how much of TeX's memory you used:
 5765 strings out of 493323
 88381 string characters out of 3130014
 158340 words of memory out of 3000000
 9158 multiletter control sequences out of 15000+200000
 15466 words of font info for 60 fonts, out of 3000000 for 9000
 1141 hyphenation exceptions out of 8191
 42i,18n,39p,494b,662s stack positions out of 5000i,500n,10000p,200000b,50000s
<C:/Users/ls769/AppData/Local/Programs/MiKTeX 2.9/fonts/type1/public/amsfonts
/cm/cmbx10.pfb><C:/Users/ls769/AppData/Local/Programs/MiKTeX 2.9/fonts/type1/pu
blic/amsfonts/cm/cmbx12.pfb><C:/Users/ls769/AppData/Local/Programs/MiKTeX 2.9/f
onts/type1/public/amsfonts/cm/cmbx9.pfb><C:/Users/ls769/AppData/Local/Programs/
MiKTeX 2.9/fonts/type1/public/amsfonts/cm/cmbxti10.pfb><C:/Users/ls769/AppData/
Local/Programs/MiKTeX 2.9/fonts/type1/public/amsfonts/cm/cmex10.pfb><C:/Users/l
s769/AppData/Local/Programs/MiKTeX 2.9/fonts/type1/public/amsfonts/cm/cmmi10.pf
b><C:/Users/ls769/AppData/Local/Programs/MiKTeX 2.9/fonts/type1/public/amsfonts
/cm/cmmi5.pfb><C:/Users/ls769/AppData/Local/Programs/MiKTeX 2.9/fonts/type1/pub
lic/amsfonts/cm/cmmi6.pfb><C:/Users/ls769/AppData/Local/Programs/MiKTeX 2.9/fon
ts/type1/public/amsfonts/cm/cmmi8.pfb><C:/Users/ls769/AppData/Local/Programs/Mi
KTeX 2.9/fonts/type1/public/amsfonts/cm/cmr10.pfb><C:/Users/ls769/AppData/Local
/Programs/MiKTeX 2.9/fonts/type1/public/amsfonts/cm/cmr6.pfb><C:/Users/ls769/Ap
pData/Local/Programs/MiKTeX 2.9/fonts/type1/public/amsfonts/cm/cmr8.pfb><C:/Use
rs/ls769/AppData/Local/Programs/MiKTeX 2.9/fonts/type1/public/amsfonts/cm/cmr9.
pfb><C:/Users/ls769/AppData/Local/Programs/MiKTeX 2.9/fonts/type1/public/amsfon
ts/cm/cmsy10.pfb><C:/Users/ls769/AppData/Local/Programs/MiKTeX 2.9/fonts/type1/
public/amsfonts/cm/cmsy5.pfb><C:/Users/ls769/AppData/Local/Programs/MiKTeX 2.9/
fonts/type1/public/amsfonts/cm/cmsy8.pfb><C:/Users/ls769/AppData/Local/Programs
/MiKTeX 2.9/fonts/type1/public/amsfonts/cm/cmti10.pfb>
Output written on interactnlmsample.pdf (19 pages, 7556167 bytes).
PDF statistics:
 393 PDF objects out of 1000 (max. 8388607)
 0 named destinations out of 1000 (max. 500000)
 166 words of extra memory for PDF output out of 10000 (max. 10000000)

