This is pdfTeX, Version 3.14159265-2.6-1.40.18 (MiKTeX 2.9.6500 64-bit) (preloaded format=pdflatex 2017.11.15)  28 FEB 2018 15:35
entering extended mode
**./interactnlmsample.tex
(interactnlmsample.tex
LaTeX2e <2017-04-15>
Babel <3.15> and hyphenation patterns for 75 language(s) loaded.
(interact.cls
Document Class: interact 2017/07/31 v1.05 Interact LaTeX document class
("C:\Program Files\MiKTeX 2.9\tex\latex\base\article.cls"
Document Class: article 2014/09/29 v1.4h Standard LaTeX document class
("C:\Program Files\MiKTeX 2.9\tex\latex\base\size11.clo"
File: size11.clo 2014/09/29 v1.4h Standard LaTeX file (size option)
)
\c@part=\count79
\c@section=\count80
\c@subsection=\count81
\c@subsubsection=\count82
\c@paragraph=\count83
\c@subparagraph=\count84
\c@figure=\count85
\c@table=\count86
\abovecaptionskip=\skip41
\belowcaptionskip=\skip42
\bibindent=\dimen102
)
("C:\Program Files\MiKTeX 2.9\tex\latex\amsmath\amsmath.sty"
Package: amsmath 2017/09/02 v2.17a AMS math features
\@mathmargin=\skip43

For additional information on amsmath, use the `?' option.
("C:\Program Files\MiKTeX 2.9\tex\latex\amsmath\amstext.sty"
Package: amstext 2000/06/29 v2.01 AMS text

("C:\Program Files\MiKTeX 2.9\tex\latex\amsmath\amsgen.sty"
File: amsgen.sty 1999/11/30 v2.0 generic functions
\@emptytoks=\toks14
\ex@=\dimen103
))
("C:\Program Files\MiKTeX 2.9\tex\latex\amsmath\amsbsy.sty"
Package: amsbsy 1999/11/29 v1.2d Bold Symbols
\pmbraise@=\dimen104
)
("C:\Program Files\MiKTeX 2.9\tex\latex\amsmath\amsopn.sty"
Package: amsopn 2016/03/08 v2.02 operator names
)
\inf@bad=\count87
LaTeX Info: Redefining \frac on input line 213.
\uproot@=\count88
\leftroot@=\count89
LaTeX Info: Redefining \overline on input line 375.
\classnum@=\count90
\DOTSCASE@=\count91
LaTeX Info: Redefining \ldots on input line 472.
LaTeX Info: Redefining \dots on input line 475.
LaTeX Info: Redefining \cdots on input line 596.
\Mathstrutbox@=\box26
\strutbox@=\box27
\big@size=\dimen105
LaTeX Font Info:    Redeclaring font encoding OML on input line 712.
LaTeX Font Info:    Redeclaring font encoding OMS on input line 713.
\macc@depth=\count92
\c@MaxMatrixCols=\count93
\dotsspace@=\muskip10
\c@parentequation=\count94
\dspbrk@lvl=\count95
\tag@help=\toks15
\row@=\count96
\column@=\count97
\maxfields@=\count98
\andhelp@=\toks16
\eqnshift@=\dimen106
\alignsep@=\dimen107
\tagshift@=\dimen108
\tagwidth@=\dimen109
\totwidth@=\dimen110
\lineht@=\dimen111
\@envbody=\toks17
\multlinegap=\skip44
\multlinetaggap=\skip45
\mathdisplay@stack=\toks18
LaTeX Info: Redefining \[ on input line 2817.
LaTeX Info: Redefining \] on input line 2818.
)
("C:\Program Files\MiKTeX 2.9\tex\latex\amsfonts\amssymb.sty"
Package: amssymb 2013/01/14 v3.01 AMS font symbols

("C:\Program Files\MiKTeX 2.9\tex\latex\amsfonts\amsfonts.sty"
Package: amsfonts 2013/01/14 v3.01 Basic AMSFonts support
\symAMSa=\mathgroup4
\symAMSb=\mathgroup5
LaTeX Font Info:    Overwriting math alphabet `\mathfrak' in version `bold'
(Font)                  U/euf/m/n --> U/euf/b/n on input line 106.
))
("C:\Program Files\MiKTeX 2.9\tex\latex\amscls\amsthm.sty"
Package: amsthm 2015/03/04 v2.20.2
\thm@style=\toks19
\thm@bodyfont=\toks20
\thm@headfont=\toks21
\thm@notefont=\toks22
\thm@headpunct=\toks23
\thm@preskip=\skip46
\thm@postskip=\skip47
\thm@headsep=\skip48
\dth@everypar=\toks24
) (booktabs.sty
Package: booktabs 2005/04/14 v1.61803 publication quality tables
\heavyrulewidth=\dimen112
\lightrulewidth=\dimen113
\cmidrulewidth=\dimen114
\belowrulesep=\dimen115
\belowbottomsep=\dimen116
\aboverulesep=\dimen117
\abovetopsep=\dimen118
\cmidrulesep=\dimen119
\cmidrulekern=\dimen120
\defaultaddspace=\dimen121
\@cmidla=\count99
\@cmidlb=\count100
\@aboverulesep=\dimen122
\@belowrulesep=\dimen123
\@thisruleclass=\count101
\@lastruleclass=\count102
\@thisrulewidth=\dimen124
)
(epsfig.sty
Package: epsfig 1999/02/16 v1.7a (e)psfig emulation (SPQR)
 ("C:\Program Files\MiKTeX 2.9\tex\latex\graphics\graphicx.sty"
Package: graphicx 2017/06/01 v1.1a Enhanced LaTeX Graphics (DPC,SPQR)

("C:\Program Files\MiKTeX 2.9\tex\latex\graphics\keyval.sty"
Package: keyval 2014/10/28 v1.15 key=value parser (DPC)
\KV@toks@=\toks25
)
("C:\Program Files\MiKTeX 2.9\tex\latex\graphics\graphics.sty"
Package: graphics 2017/06/25 v1.2c Standard LaTeX Graphics (DPC,SPQR)

("C:\Program Files\MiKTeX 2.9\tex\latex\graphics\trig.sty"
Package: trig 2016/01/03 v1.10 sin cos tan (DPC)
)
("C:\Program Files\MiKTeX 2.9\tex\latex\graphics-cfg\graphics.cfg"
File: graphics.cfg 2016/06/04 v1.11 sample graphics configuration
)
Package graphics Info: Driver file: pdftex.def on input line 99.

("C:\Program Files\MiKTeX 2.9\tex\latex\graphics-def\pdftex.def"
File: pdftex.def 2017/06/24 v1.0g Graphics/color driver for pdftex
))
\Gin@req@height=\dimen125
\Gin@req@width=\dimen126
)
\epsfxsize=\dimen127
\epsfysize=\dimen128
)
(rotating.sty
Package: rotating 1997/09/26, v2.13 Rotation package
 ("C:\Program Files\MiKTeX 2.9\tex\latex\base\ifthen.sty"
Package: ifthen 2014/09/29 v1.1c Standard LaTeX ifthen package (DPC)
)
\c@r@tfl@t=\count103
\rot@float@box=\box28
)
("C:\Program Files\MiKTeX 2.9\tex\latex\geometry\geometry.sty"
Package: geometry 2010/09/12 v5.6 Page Geometry

("C:\Program Files\MiKTeX 2.9\tex\generic\oberdiek\ifpdf.sty"
Package: ifpdf 2017/03/15 v3.2 Provides the ifpdf switch
)
("C:\Program Files\MiKTeX 2.9\tex\generic\oberdiek\ifvtex.sty"
Package: ifvtex 2016/05/16 v1.6 Detect VTeX and its facilities (HO)
Package ifvtex Info: VTeX not detected.
)
("C:\Program Files\MiKTeX 2.9\tex\generic\ifxetex\ifxetex.sty"
Package: ifxetex 2010/09/12 v0.6 Provides ifxetex conditional
)
\Gm@cnth=\count104
\Gm@cntv=\count105
\c@Gm@tempcnt=\count106
\Gm@bindingoffset=\dimen129
\Gm@wd@mp=\dimen130
\Gm@odd@mp=\dimen131
\Gm@even@mp=\dimen132
\Gm@layoutwidth=\dimen133
\Gm@layoutheight=\dimen134
\Gm@layouthoffset=\dimen135
\Gm@layoutvoffset=\dimen136
\Gm@dimlist=\toks26

("C:\Program Files\MiKTeX 2.9\tex\latex\geometry\geometry.cfg"))
\c@mv@upright=\count107
\c@mv@boldupright=\count108
LaTeX Font Info:    Overwriting symbol font `letters' in version `upright'
(Font)                  OML/cmm/m/it --> OML/eur/m/n on input line 163.
LaTeX Font Info:    Overwriting symbol font `letters' in version `boldupright'
(Font)                  OML/cmm/m/it --> OML/eur/b/n on input line 164.
\LabelSep=\dimen137
\TopSep=\skip49
\figheight=\dimen138
\figwidth=\dimen139
\tabledim=\dimen140
)
("C:\Program Files\MiKTeX 2.9\tex\latex\oberdiek\epstopdf.sty"
Package: epstopdf 2016/05/15 v2.6 Conversion with epstopdf on the fly (HO)

("C:\Program Files\MiKTeX 2.9\tex\latex\oberdiek\epstopdf-base.sty"
Package: epstopdf-base 2016/05/15 v2.6 Base part for package epstopdf

("C:\Program Files\MiKTeX 2.9\tex\generic\oberdiek\infwarerr.sty"
Package: infwarerr 2016/05/16 v1.4 Providing info/warning/error messages (HO)
)
("C:\Program Files\MiKTeX 2.9\tex\latex\oberdiek\grfext.sty"
Package: grfext 2016/05/16 v1.2 Manage graphics extensions (HO)

("C:\Program Files\MiKTeX 2.9\tex\generic\oberdiek\kvdefinekeys.sty"
Package: kvdefinekeys 2016/05/16 v1.4 Define keys (HO)

("C:\Program Files\MiKTeX 2.9\tex\generic\oberdiek\ltxcmds.sty"
Package: ltxcmds 2016/05/16 v1.23 LaTeX kernel commands for general use (HO)
)))
("C:\Program Files\MiKTeX 2.9\tex\latex\oberdiek\kvoptions.sty"
Package: kvoptions 2016/05/16 v3.12 Key value format for package options (HO)

("C:\Program Files\MiKTeX 2.9\tex\generic\oberdiek\kvsetkeys.sty"
Package: kvsetkeys 2016/05/16 v1.17 Key value parser (HO)

("C:\Program Files\MiKTeX 2.9\tex\generic\oberdiek\etexcmds.sty"
Package: etexcmds 2016/05/16 v1.6 Avoid name clashes with e-TeX commands (HO)

("C:\Program Files\MiKTeX 2.9\tex\generic\oberdiek\ifluatex.sty"
Package: ifluatex 2016/05/16 v1.4 Provides the ifluatex switch (HO)
Package ifluatex Info: LuaTeX not detected.
)
Package etexcmds Info: Could not find \expanded.
(etexcmds)             That can mean that you are not using pdfTeX 1.50 or
(etexcmds)             that some package has redefined \expanded.
(etexcmds)             In the latter case, load this package earlier.
)))
("C:\Program Files\MiKTeX 2.9\tex\generic\oberdiek\pdftexcmds.sty"
Package: pdftexcmds 2017/03/19 v0.25 Utility functions of pdfTeX for LuaTeX (HO
)
Package pdftexcmds Info: LuaTeX not detected.
Package pdftexcmds Info: \pdf@primitive is available.
Package pdftexcmds Info: \pdf@ifprimitive is available.
Package pdftexcmds Info: \pdfdraftmode found.
)
Package epstopdf-base Info: Redefining graphics rule for `.eps' on input line 4
38.
Package grfext Info: Graphics extension search list:
(grfext)             [.pdf,.png,.jpg,.mps,.jpeg,.jbig2,.jb2,.PDF,.PNG,.JPG,.JPE
G,.JBIG2,.JB2,.eps]
(grfext)             \AppendGraphicsExtensions on input line 456.
))
("C:\Program Files\MiKTeX 2.9\tex\latex\cite\cite.sty"
LaTeX Info: Redefining \cite on input line 302.
LaTeX Info: Redefining \nocite on input line 332.
Package: cite 2015/02/27  v 5.5
)
("C:\Program Files\MiKTeX 2.9\tex\latex\tools\array.sty"
Package: array 2016/10/06 v2.4d Tabular extension package (FMi)
\col@sep=\dimen141
\extrarowheight=\dimen142
\NC@list=\toks27
\extratabsurround=\skip50
\backup@length=\skip51
)
("C:\Program Files\MiKTeX 2.9\tex\latex\float\float.sty"
Package: float 2001/11/08 v1.3d Float enhancements (AL)
\c@float@type=\count109
\float@exts=\toks28
\float@box=\box29
\@float@everytoks=\toks29
\@floatcapt=\box30
)
(C:\Users\enb33\AppData\Roaming\MiKTeX\2.9\tex\latex\caption\caption.sty
Package: caption 2016/02/21 v3.3-144 Customizing captions (AR)

(C:\Users\enb33\AppData\Roaming\MiKTeX\2.9\tex\latex\caption\caption3.sty
Package: caption3 2016/05/22 v1.7-166 caption3 kernel (AR)
Package caption3 Info: TeX engine: e-TeX on input line 67.
\captionmargin=\dimen143
\captionmargin@=\dimen144
\captionwidth=\dimen145
\caption@tempdima=\dimen146
\caption@indent=\dimen147
\caption@parindent=\dimen148
\caption@hangindent=\dimen149
Package caption Info: Unknown document class (or package),
(caption)             standard defaults will be used.
)

Package caption Warning: Unsupported document class (or package) detected,
(caption)                usage of the caption package is not recommended.
See the caption package documentation for explanation.

Package caption Info: \@makecaption = \long macro:#1#2->\ifx \FigName \@captype
 \vskip \abovecaptionskip \setbox \@tempboxa \hbox {\figcaptionfont {\fignumfon
t #1}\hskip 4pt#2}\ifdim \wd \@tempboxa >\hsize {\figcaptionfont \noindent {\fi
gnumfont #1}\hskip 7pt\ignorespaces #2\par }\else \global \@minipagefalse \hb@x
t@ \hsize {\hfil \box \@tempboxa \hfil }\fi \else {\tablecaptionfont {\tablenum
font #1}\hskip 7pt\ignorespaces {#2}\par }\vskip \belowcaptionskip \fi .
\c@ContinuedFloat=\count110
Package caption Info: float package is loaded.
Package caption Info: rotating package is loaded.
) (C:\Users\enb33\AppData\Roaming\MiKTeX\2.9\tex\latex\caption\subcaption.sty
Package: subcaption 2016/05/22 v1.1-161 Sub-captions (AR)
\c@subfigure=\count111
\c@subtable=\count112
)
("C:\Program Files\MiKTeX 2.9\tex\latex\overpic\overpic.sty"
Package: overpic 2017/10/06 1.0 picture overlays

("C:\Program Files\MiKTeX 2.9\tex\latex\eepic\epic.sty"
Enhancements to Picture Environment. Version 1.2 - Released June 1, 1986
\@@multicnt=\count113
\d@lta=\count114
\@delta=\dimen150
\@@delta=\dimen151
\@gridcnt=\count115
\@joinkind=\count116
\@dotgap=\dimen152
\@ddotgap=\dimen153
\@x@diff=\count117
\@y@diff=\count118
\x@diff=\dimen154
\y@diff=\dimen155
\@dotbox=\box31
\num@segments=\count119
\num@segmentsi=\count120
\@datafile=\read1
)) ("C:\Program Files\MiKTeX 2.9\tex\latex\ulem\ulem.sty"
\UL@box=\box32
\UL@hyphenbox=\box33
\UL@skip=\skip52
\UL@hook=\toks30
\UL@height=\dimen156
\UL@pe=\count121
\UL@pixel=\dimen157
\ULC@box=\box34
Package: ulem 2012/05/18
\ULdepth=\dimen158
)
("C:\Program Files\MiKTeX 2.9\tex\latex\graphics\color.sty"
Package: color 2016/07/10 v1.1e Standard LaTeX Color (DPC)

("C:\Program Files\MiKTeX 2.9\tex\latex\graphics-cfg\color.cfg"
File: color.cfg 2016/01/02 v1.6 sample color configuration
)
Package color Info: Driver file: pdftex.def on input line 147.
)
("C:\Program Files\MiKTeX 2.9\tex\latex\soul\soul.sty"
Package: soul 2003/11/17 v2.4 letterspacing/underlining (mf)
\SOUL@word=\toks31
\SOUL@lasttoken=\toks32
\SOUL@cmds=\toks33
\SOUL@buffer=\toks34
\SOUL@token=\toks35
\SOUL@spaceskip=\skip53
\SOUL@ttwidth=\dimen159
\SOUL@uldp=\dimen160
\SOUL@ulht=\dimen161
) (natbib.sty
Package: natbib 2010/09/13 8.31b (PWD, AO)


Package natbib Warning: The `cite' package should not be used
(natbib)                with natbib. Use option `sort' instead.

\bibhang=\skip54
\bibsep=\skip55
LaTeX Info: Redefining \cite on input line 694.
LaTeX Info: Redefining \citenum on input line 708.
\c@NAT@ctr=\count122
)
\c@theorem=\count123
\c@remark=\count124
\c@notation=\count125
 (interactnlmsample.aux)
\openout1 = `interactnlmsample.aux'.

LaTeX Font Info:    Checking defaults for OML/cmm/m/it on input line 52.
LaTeX Font Info:    ... okay on input line 52.
LaTeX Font Info:    Checking defaults for T1/cmr/m/n on input line 52.
LaTeX Font Info:    ... okay on input line 52.
LaTeX Font Info:    Checking defaults for OT1/cmr/m/n on input line 52.
LaTeX Font Info:    ... okay on input line 52.
LaTeX Font Info:    Checking defaults for OMS/cmsy/m/n on input line 52.
LaTeX Font Info:    ... okay on input line 52.
LaTeX Font Info:    Checking defaults for OMX/cmex/m/n on input line 52.
LaTeX Font Info:    ... okay on input line 52.
LaTeX Font Info:    Checking defaults for U/cmr/m/n on input line 52.
LaTeX Font Info:    ... okay on input line 52.

("C:\Program Files\MiKTeX 2.9\tex\context\base\supp-pdf.mkii"
[Loading MPS to PDF converter (version 2006.09.02).]
\scratchcounter=\count126
\scratchdimen=\dimen162
\scratchbox=\box35
\nofMPsegments=\count127
\nofMParguments=\count128
\everyMPshowfont=\toks36
\MPscratchCnt=\count129
\MPscratchDim=\dimen163
\MPnumerator=\count130
\makeMPintoPDFobject=\count131
\everyMPtoPDFconversion=\toks37
)
*geometry* driver: auto-detecting
*geometry* detected driver: pdftex
*geometry* verbose mode - [ preamble ] result:
* driver: pdftex
* paper: <default>
* layout: <same size as paper>
* layoutoffset:(h,v)=(0.0pt,0.0pt)
* modes: 
* h-part:(L,W,R)=(94.75394pt, 408.0pt, 94.75394pt)
* v-part:(T,H,B)=(78.01874pt, 650.0pt, 117.0281pt)
* \paperwidth=597.50787pt
* \paperheight=845.04684pt
* \textwidth=408.0pt
* \textheight=650.0pt
* \oddsidemargin=22.48395pt
* \evensidemargin=22.48395pt
* \topmargin=-31.25125pt
* \headheight=12.0pt
* \headsep=25.0pt
* \topskip=11.0pt
* \footskip=30.0pt
* \marginparwidth=50.0pt
* \marginparsep=10.0pt
* \columnsep=12.0pt
* \skip\footins=10.0pt plus 4.0pt minus 2.0pt
* \hoffset=0.0pt
* \voffset=0.0pt
* \mag=1000
* \@twocolumnfalse
* \@twosidefalse
* \@mparswitchfalse
* \@reversemarginfalse
* (1in=72.27pt=25.4mm, 1cm=28.453pt)

Package caption Info: Begin \AtBeginDocument code.
Package caption Info: Incompatible package detected (regarding \@caption).
(caption)             \@caption = \long macro:#1[#2]#3->\par \begingroup \@parb
oxrestore \normalsize \@makecaption {\csname fnum@#1\endcsname }{\ignorespaces 
#3}\par \endgroup .

Package caption Warning: Forced redefinition of \caption since the
(caption)                unsupported(!) package option `compatibility=false'
(caption)                was given.
See the caption package documentation for explanation.

Package caption Info: End \AtBeginDocument code.

LaTeX Font Warning: Font shape `OT1/cmr/m/n' in size <13> not available
(Font)              size <12> substituted on input line 70.


LaTeX Font Warning: Font shape `OT1/cmr/bx/n' in size <13> not available
(Font)              size <12> substituted on input line 70.

LaTeX Font Info:    Calculating math sizes for size <11> on input line 70.

LaTeX Font Warning: Font shape `OT1/cmr/m/n' in size <5.5> not available
(Font)              size <5> substituted on input line 70.


LaTeX Font Warning: Font shape `OML/cmm/m/it' in size <5.5> not available
(Font)              size <5> substituted on input line 70.


LaTeX Font Warning: Font shape `OMS/cmsy/m/n' in size <5.5> not available
(Font)              size <5> substituted on input line 70.

LaTeX Font Info:    Try loading font information for U+msa on input line 70.
("C:\Program Files\MiKTeX 2.9\tex\latex\amsfonts\umsa.fd"
File: umsa.fd 2013/01/14 v3.01 AMS symbols A
)
LaTeX Font Info:    Try loading font information for U+msb on input line 70.

("C:\Program Files\MiKTeX 2.9\tex\latex\amsfonts\umsb.fd"
File: umsb.fd 2013/01/14 v3.01 AMS symbols B
) [1



{C:/Users/enb33/AppData/Local/MiKTeX/2.9/pdftex/config/pdftex.map}]

LaTeX Warning: No positions in optional float specifier.
               Default added (so using `tbp') on input line 128.

<./figs/conceptual_map.pdf, id=11, pagebox=cropbox, 2294.5725pt x 392.46625pt>
File: ./figs/conceptual_map.pdf Graphic file (type pdf)
<use ./figs/conceptual_map.pdf>
Package pdftex.def Info: ./figs/conceptual_map.pdf  used on input line 130. on 
input line 130.
Package pdftex.def Info: Requested size: 277.43701pt x 47.44724pt on input line
 130.

LaTeX Warning: No positions in optional float specifier.
               Default added (so using `tbp') on input line 185.

<./figs/CySkin.pdf, id=12, pagebox=cropbox, 440.71664pt x 247.80356pt>
File: ./figs/CySkin.pdf Graphic file (type pdf)
<use ./figs/CySkin.pdf>
Package pdftex.def Info: ./figs/CySkin.pdf  used on input line 188. on input li
ne 188.
Package pdftex.def Info: Requested size: 232.56299pt x 130.7643pt on input line
 188.
<./figs/skin_sensor.pdf, id=13, pagebox=cropbox, 173.448pt x 153.79056pt>
File: ./figs/skin_sensor.pdf Graphic file (type pdf)
<use ./figs/skin_sensor.pdf>
Package pdftex.def Info: ./figs/skin_sensor.pdf  used on input line 194. on inp
ut line 194.
Package pdftex.def Info: Requested size: 114.2395pt x 101.29321pt on input line
 194.
[2 <./figs/conceptual_map.pdf>]

LaTeX Warning: No positions in optional float specifier.
               Default added (so using `tbp') on input line 212.

<./figs/motion_primitive_preprocessing.pdf, id=21, pagebox=cropbox, 732.7375pt 
x 529.98pt>
File: ./figs/motion_primitive_preprocessing.pdf Graphic file (type pdf)
<use ./figs/motion_primitive_preprocessing.pdf>
Package pdftex.def Info: ./figs/motion_primitive_preprocessing.pdf  used on inp
ut line 214. on input line 214.
Package pdftex.def Info: Requested size: 265.19751pt x 191.81158pt on input lin
e 214.
[3 <./figs/CySkin.pdf> <./figs/skin_sensor.pdf

pdfTeX warning: pdflatex (file ./figs/skin_sensor.pdf): PDF inclusion: multiple
 pdfs with page group included in a single page
>]

LaTeX Font Warning: Font shape `OT1/cmr/bx/n' in size <5.5> not available
(Font)              size <5> substituted on input line 220.

[4 <./figs/motion_primitive_preprocessing.pdf>]

LaTeX Warning: No positions in optional float specifier.
               Default added (so using `tbp') on input line 258.

<./figs/phantom.jpg, id=97, 2004.48875pt x 1976.38374pt>
File: ./figs/phantom.jpg Graphic file (type jpg)
<use ./figs/phantom.jpg>
Package pdftex.def Info: ./figs/phantom.jpg  used on input line 261. on input l
ine 261.
Package pdftex.def Info: Requested size: 150.95801pt x 148.82553pt on input lin
e 261.
<./figs/phschema.jpg, id=98, 651.43375pt x 441.65pt>
File: ./figs/phschema.jpg Graphic file (type jpg)
<use ./figs/phschema.jpg>
Package pdftex.def Info: ./figs/phschema.jpg  used on input line 267. on input 
line 267.
Package pdftex.def Info: Requested size: 236.64075pt x 160.43602pt on input lin
e 267.

LaTeX Warning: No positions in optional float specifier.
               Default added (so using `tbp') on input line 295.

<./figs/expsetupnew.jpg, id=99, 3298.3225pt x 2441.12pt>
File: ./figs/expsetupnew.jpg Graphic file (type jpg)
<use ./figs/expsetupnew.jpg>
Package pdftex.def Info: ./figs/expsetupnew.jpg  used on input line 298. on inp
ut line 298.
Package pdftex.def Info: Requested size: 208.07776pt x 153.98506pt on input lin
e 298.
<./figs/probenew.jpg, id=100, 1429.34pt x 1678.27pt>
File: ./figs/probenew.jpg Graphic file (type jpg)
<use ./figs/probenew.jpg>
Package pdftex.def Info: ./figs/probenew.jpg  used on input line 304. on input 
line 304.
Package pdftex.def Info: Requested size: 130.56299pt x 153.2913pt on input line
 304.

LaTeX Warning: Reference `setup' on page 5 undefined on input line 313.

[5] [6 <./figs/phantom.jpg> <./figs/phschema.jpg> <./figs/expsetupnew.jpg> <./f
igs/probenew.jpg>]

LaTeX Warning: No positions in optional float specifier.
               Default added (so using `tbp') on input line 339.

<./figs/Vertical_diagram.pdf, id=108, pagebox=cropbox, 199.14084pt x 142.23532p
t>
File: ./figs/Vertical_diagram.pdf Graphic file (type pdf)
<use ./figs/Vertical_diagram.pdf>
Package pdftex.def Info: ./figs/Vertical_diagram.pdf  used on input line 342. o
n input line 342.
Package pdftex.def Info: Requested size: 199.92224pt x 142.80359pt on input lin
e 342.
<./figs/Rotary_diagram.pdf, id=109, pagebox=cropbox, 199.14084pt x 142.23532pt>

File: ./figs/Rotary_diagram.pdf Graphic file (type pdf)
<use ./figs/Rotary_diagram.pdf>
Package pdftex.def Info: ./figs/Rotary_diagram.pdf  used on input line 351. on 
input line 351.
Package pdftex.def Info: Requested size: 199.92224pt x 142.80359pt on input lin
e 351.

LaTeX Warning: No positions in optional float specifier.
               Default added (so using `tbp') on input line 375.

<./figs/presence_clsplt_Vertical-dn0-NA.jpg, id=110, 931.5603pt x 570.933pt>
File: ./figs/presence_clsplt_Vertical-dn0-NA.jpg Graphic file (type jpg)
<use ./figs/presence_clsplt_Vertical-dn0-NA.jpg>
Package pdftex.def Info: ./figs/presence_clsplt_Vertical-dn0-NA.jpg  used on in
put line 378. on input line 378.
Package pdftex.def Info: Requested size: 195.83826pt x 120.02142pt on input lin
e 378.
<./figs/presence_clsplt_Vertical-dn6-NA.jpg, id=111, 931.5603pt x 570.933pt>
File: ./figs/presence_clsplt_Vertical-dn6-NA.jpg Graphic file (type jpg)
<use ./figs/presence_clsplt_Vertical-dn6-NA.jpg>
Package pdftex.def Info: ./figs/presence_clsplt_Vertical-dn6-NA.jpg  used on in
put line 384. on input line 384.
Package pdftex.def Info: Requested size: 195.83826pt x 120.02142pt on input lin
e 384.
[7 <./figs/Vertical_diagram.pdf> <./figs/Rotary_diagram.pdf

pdfTeX warning: pdflatex (file ./figs/Rotary_diagram.pdf): PDF inclusion: multi
ple pdfs with page group included in a single page
>] [8 <./figs/presence_clsplt_Vertical-dn0-NA.jpg> <./figs/presence_clsplt_Vert
ical-dn6-NA.jpg>]

LaTeX Warning: No positions in optional float specifier.
               Default added (so using `tbp') on input line 416.

<./figs/presence_clsplt_Rotate-d100-r100.jpg, id=122, 931.5603pt x 570.933pt>
File: ./figs/presence_clsplt_Rotate-d100-r100.jpg Graphic file (type jpg)
<use ./figs/presence_clsplt_Rotate-d100-r100.jpg>
Package pdftex.def Info: ./figs/presence_clsplt_Rotate-d100-r100.jpg  used on i
nput line 419. on input line 419.
Package pdftex.def Info: Requested size: 195.83826pt x 120.02142pt on input lin
e 419.
<./figs/presence_clsplt_Rotate-d100-r160.jpg, id=123, 931.5603pt x 570.933pt>
File: ./figs/presence_clsplt_Rotate-d100-r160.jpg Graphic file (type jpg)
<use ./figs/presence_clsplt_Rotate-d100-r160.jpg>
Package pdftex.def Info: ./figs/presence_clsplt_Rotate-d100-r160.jpg  used on i
nput line 425. on input line 425.
Package pdftex.def Info: Requested size: 195.83826pt x 120.02142pt on input lin
e 425.
<./figs/presence_clsplt_Rotate-d160-r100.jpg, id=124, 931.5603pt x 570.933pt>
File: ./figs/presence_clsplt_Rotate-d160-r100.jpg Graphic file (type jpg)
<use ./figs/presence_clsplt_Rotate-d160-r100.jpg>
Package pdftex.def Info: ./figs/presence_clsplt_Rotate-d160-r100.jpg  used on i
nput line 431. on input line 431.
Package pdftex.def Info: Requested size: 195.83826pt x 120.02142pt on input lin
e 431.
<./figs/presence_clsplt_Rotate-d160-r160.jpg, id=125, 931.5603pt x 570.933pt>
File: ./figs/presence_clsplt_Rotate-d160-r160.jpg Graphic file (type jpg)
<use ./figs/presence_clsplt_Rotate-d160-r160.jpg>
Package pdftex.def Info: ./figs/presence_clsplt_Rotate-d160-r160.jpg  used on i
nput line 437. on input line 437.
Package pdftex.def Info: Requested size: 195.83826pt x 120.02142pt on input lin
e 437.

LaTeX Warning: No positions in optional float specifier.
               Default added (so using `tbp') on input line 453.

<./figs/presence_cm_Rotate-d100-r100.jpg, id=126, 381.5856pt x 354.123pt>
File: ./figs/presence_cm_Rotate-d100-r100.jpg Graphic file (type jpg)
<use ./figs/presence_cm_Rotate-d100-r100.jpg>
Package pdftex.def Info: ./figs/presence_cm_Rotate-d100-r100.jpg  used on input
 line 456. on input line 456.
Package pdftex.def Info: Requested size: 142.80249pt x 132.52562pt on input lin
e 456.
<./figs/presence_cm_Rotate-d100-r160.jpg, id=127, 381.5856pt x 354.123pt>
File: ./figs/presence_cm_Rotate-d100-r160.jpg Graphic file (type jpg)
<use ./figs/presence_cm_Rotate-d100-r160.jpg>
Package pdftex.def Info: ./figs/presence_cm_Rotate-d100-r160.jpg  used on input
 line 462. on input line 462.
Package pdftex.def Info: Requested size: 142.80249pt x 132.52562pt on input lin
e 462.
<./figs/presence_cm_Rotate-d160-r100.jpg, id=128, 381.5856pt x 354.123pt>
File: ./figs/presence_cm_Rotate-d160-r100.jpg Graphic file (type jpg)
<use ./figs/presence_cm_Rotate-d160-r100.jpg>
Package pdftex.def Info: ./figs/presence_cm_Rotate-d160-r100.jpg  used on input
 line 468. on input line 468.
Package pdftex.def Info: Requested size: 142.80249pt x 132.52562pt on input lin
e 468.
<./figs/presence_cm_Rotate-d160-r160.jpg, id=129, 381.5856pt x 354.123pt>
File: ./figs/presence_cm_Rotate-d160-r160.jpg Graphic file (type jpg)
<use ./figs/presence_cm_Rotate-d160-r160.jpg>
Package pdftex.def Info: ./figs/presence_cm_Rotate-d160-r160.jpg  used on input
 line 474. on input line 474.
Package pdftex.def Info: Requested size: 142.80249pt x 132.52562pt on input lin
e 474.

LaTeX Warning: No positions in optional float specifier.
               Default added (so using `tbp') on input line 489.

<./figs/properties_clsplt_Rotate-d100-r100.jpg, id=130, 931.5603pt x 570.933pt>

File: ./figs/properties_clsplt_Rotate-d100-r100.jpg Graphic file (type jpg)
<use ./figs/properties_clsplt_Rotate-d100-r100.jpg>
Package pdftex.def Info: ./figs/properties_clsplt_Rotate-d100-r100.jpg  used on
 input line 492. on input line 492.
Package pdftex.def Info: Requested size: 195.83826pt x 120.02142pt on input lin
e 492.
<./figs/properties_clsplt_Rotate-d100-r160.jpg, id=131, 931.5603pt x 570.933pt>

File: ./figs/properties_clsplt_Rotate-d100-r160.jpg Graphic file (type jpg)
<use ./figs/properties_clsplt_Rotate-d100-r160.jpg>
Package pdftex.def Info: ./figs/properties_clsplt_Rotate-d100-r160.jpg  used on
 input line 498. on input line 498.
Package pdftex.def Info: Requested size: 195.83826pt x 120.02142pt on input lin
e 498.
<./figs/properties_clsplt_Rotate-d160-r100.jpg, id=132, 931.5603pt x 570.933pt>

File: ./figs/properties_clsplt_Rotate-d160-r100.jpg Graphic file (type jpg)
<use ./figs/properties_clsplt_Rotate-d160-r100.jpg>
Package pdftex.def Info: ./figs/properties_clsplt_Rotate-d160-r100.jpg  used on
 input line 504. on input line 504.
Package pdftex.def Info: Requested size: 195.83826pt x 120.02142pt on input lin
e 504.
<./figs/properties_clsplt_Rotate-d160-r160.jpg, id=133, 931.5603pt x 570.933pt>

File: ./figs/properties_clsplt_Rotate-d160-r160.jpg Graphic file (type jpg)
<use ./figs/properties_clsplt_Rotate-d160-r160.jpg>
Package pdftex.def Info: ./figs/properties_clsplt_Rotate-d160-r160.jpg  used on
 input line 510. on input line 510.
Package pdftex.def Info: Requested size: 195.83826pt x 120.02142pt on input lin
e 510.

LaTeX Warning: No positions in optional float specifier.
               Default added (so using `tbp') on input line 522.

<./figs/properties_cm_Rotate-d100-r100.jpg, id=134, 342.5598pt x 354.123pt>
File: ./figs/properties_cm_Rotate-d100-r100.jpg Graphic file (type jpg)
<use ./figs/properties_cm_Rotate-d100-r100.jpg>
Package pdftex.def Info: ./figs/properties_cm_Rotate-d100-r100.jpg  used on inp
ut line 525. on input line 525.
Package pdftex.def Info: Requested size: 142.80249pt x 147.62292pt on input lin
e 525.
<./figs/properties_cm_Rotate-d100-r160.jpg, id=135, 342.5598pt x 354.123pt>
File: ./figs/properties_cm_Rotate-d100-r160.jpg Graphic file (type jpg)
<use ./figs/properties_cm_Rotate-d100-r160.jpg>
Package pdftex.def Info: ./figs/properties_cm_Rotate-d100-r160.jpg  used on inp
ut line 531. on input line 531.
Package pdftex.def Info: Requested size: 142.80249pt x 147.62292pt on input lin
e 531.
<./figs/properties_cm_Rotate-d160-r100.jpg, id=136, 342.5598pt x 354.123pt>
File: ./figs/properties_cm_Rotate-d160-r100.jpg Graphic file (type jpg)
<use ./figs/properties_cm_Rotate-d160-r100.jpg>
Package pdftex.def Info: ./figs/properties_cm_Rotate-d160-r100.jpg  used on inp
ut line 537. on input line 537.
Package pdftex.def Info: Requested size: 142.80249pt x 147.62292pt on input lin
e 537.
<./figs/properties_cm_Rotate-d160-r160.jpg, id=137, 342.5598pt x 354.123pt>
File: ./figs/properties_cm_Rotate-d160-r160.jpg Graphic file (type jpg)
<use ./figs/properties_cm_Rotate-d160-r160.jpg>
Package pdftex.def Info: ./figs/properties_cm_Rotate-d160-r160.jpg  used on inp
ut line 543. on input line 543.
Package pdftex.def Info: Requested size: 142.80249pt x 147.62292pt on input lin
e 543.

LaTeX Warning: No positions in optional float specifier.
               Default added (so using `tbp') on input line 552.

<./figs/properties_clsplt_Vertical-dn0-NA.jpg, id=138, 931.5603pt x 570.933pt>
File: ./figs/properties_clsplt_Vertical-dn0-NA.jpg Graphic file (type jpg)
<use ./figs/properties_clsplt_Vertical-dn0-NA.jpg>
Package pdftex.def Info: ./figs/properties_clsplt_Vertical-dn0-NA.jpg  used on 
input line 555. on input line 555.
Package pdftex.def Info: Requested size: 195.83826pt x 120.02142pt on input lin
e 555.
<./figs/properties_clsplt_Vertical-dn6-NA.jpg, id=139, 931.5603pt x 570.933pt>
File: ./figs/properties_clsplt_Vertical-dn6-NA.jpg Graphic file (type jpg)
<use ./figs/properties_clsplt_Vertical-dn6-NA.jpg>
Package pdftex.def Info: ./figs/properties_clsplt_Vertical-dn6-NA.jpg  used on 
input line 561. on input line 561.
Package pdftex.def Info: Requested size: 195.83826pt x 120.02142pt on input lin
e 561.

LaTeX Warning: No positions in optional float specifier.
               Default added (so using `tbp') on input line 573.

<./figs/properties_cm_Vertical-dn0-NA.jpg, id=140, 342.5598pt x 354.123pt>
File: ./figs/properties_cm_Vertical-dn0-NA.jpg Graphic file (type jpg)
<use ./figs/properties_cm_Vertical-dn0-NA.jpg>
Package pdftex.def Info: ./figs/properties_cm_Vertical-dn0-NA.jpg  used on inpu
t line 576. on input line 576.
Package pdftex.def Info: Requested size: 142.80249pt x 147.62292pt on input lin
e 576.
<./figs/properties_cm_Vertical-dn6-NA.jpg, id=141, 342.5598pt x 354.123pt>
File: ./figs/properties_cm_Vertical-dn6-NA.jpg Graphic file (type jpg)
<use ./figs/properties_cm_Vertical-dn6-NA.jpg>
Package pdftex.def Info: ./figs/properties_cm_Vertical-dn6-NA.jpg  used on inpu
t line 582. on input line 582.
Package pdftex.def Info: Requested size: 142.80249pt x 147.62292pt on input lin
e 582.
(interactnlmsample.bbl [9 <./figs/presence_clsplt_Rotate-d100-r100.jpg> <./figs
/presence_clsplt_Rotate-d100-r160.jpg> <./figs/presence_clsplt_Rotate-d160-r100
.jpg> <./figs/presence_clsplt_Rotate-d160-r160.jpg>] [10 <./figs/presence_cm_Ro
tate-d100-r100.jpg> <./figs/presence_cm_Rotate-d100-r160.jpg> <./figs/presence_
cm_Rotate-d160-r100.jpg> <./figs/presence_cm_Rotate-d160-r160.jpg>] [11 <./figs
/properties_clsplt_Rotate-d100-r100.jpg> <./figs/properties_clsplt_Rotate-d100-
r160.jpg> <./figs/properties_clsplt_Rotate-d160-r100.jpg> <./figs/properties_cl
splt_Rotate-d160-r160.jpg>] [12 <./figs/properties_cm_Rotate-d100-r100.jpg> <./
figs/properties_cm_Rotate-d100-r160.jpg> <./figs/properties_cm_Rotate-d160-r100
.jpg> <./figs/properties_cm_Rotate-d160-r160.jpg> <./figs/properties_clsplt_Ver
tical-dn0-NA.jpg> <./figs/properties_clsplt_Vertical-dn6-NA.jpg>]) [13 <./figs/
properties_cm_Vertical-dn0-NA.jpg> <./figs/properties_cm_Vertical-dn6-NA.jpg>]
(interactnlmsample.aux)

LaTeX Font Warning: Size substitutions with differences
(Font)              up to 1.0pt have occurred.


LaTeX Warning: There were undefined references.

 ) 
Here is how much of TeX's memory you used:
 5645 strings out of 493312
 83652 string characters out of 3138898
 156762 words of memory out of 3000000
 9049 multiletter control sequences out of 15000+200000
 13962 words of font info for 54 fonts, out of 3000000 for 9000
 1141 hyphenation exceptions out of 8191
 42i,9n,39p,1974b,486s stack positions out of 5000i,500n,10000p,200000b,50000s
<C:/Program Files/MiKTeX 2.9/fonts/type1/public/amsfonts/cm/cmbx10.pfb><C:/Pr
ogram Files/MiKTeX 2.9/fonts/type1/public/amsfonts/cm/cmbx12.pfb><C:/Program Fi
les/MiKTeX 2.9/fonts/type1/public/amsfonts/cm/cmbx9.pfb><C:/Program Files/MiKTe
X 2.9/fonts/type1/public/amsfonts/cm/cmbxti10.pfb><C:/Program Files/MiKTeX 2.9/
fonts/type1/public/amsfonts/cm/cmex10.pfb><C:/Program Files/MiKTeX 2.9/fonts/ty
pe1/public/amsfonts/cm/cmmi10.pfb><C:/Program Files/MiKTeX 2.9/fonts/type1/publ
ic/amsfonts/cm/cmmi8.pfb><C:/Program Files/MiKTeX 2.9/fonts/type1/public/amsfon
ts/cm/cmr10.pfb><C:/Program Files/MiKTeX 2.9/fonts/type1/public/amsfonts/cm/cmr
6.pfb><C:/Program Files/MiKTeX 2.9/fonts/type1/public/amsfonts/cm/cmr8.pfb><C:/
Program Files/MiKTeX 2.9/fonts/type1/public/amsfonts/cm/cmr9.pfb><C:/Program Fi
les/MiKTeX 2.9/fonts/type1/public/amsfonts/cm/cmsy10.pfb><C:/Program Files/MiKT
eX 2.9/fonts/type1/public/amsfonts/cm/cmsy8.pfb><C:/Program Files/MiKTeX 2.9/fo
nts/type1/public/amsfonts/cm/cmti10.pfb><C:/Program Files/MiKTeX 2.9/fonts/type
1/public/amsfonts/cm/cmtt10.pfb>
Output written on interactnlmsample.pdf (13 pages, 6301865 bytes).
PDF statistics:
 207 PDF objects out of 1000 (max. 8388607)
 0 named destinations out of 1000 (max. 500000)
 161 words of extra memory for PDF output out of 10000 (max. 10000000)

